        -:    0:Source:dominion.c
        -:    0:Graph:dominion.gcno
        -:    0:Data:dominion.gcda
        -:    0:Runs:16
        -:    0:Programs:11
        -:    1:#include "dominion.h"
        -:    2:#include "dominion_helpers.h"
        -:    3:#include "rngs.h"
        -:    4:#include <stdio.h>
        -:    5:#include <math.h>
        -:    6:#include <stdlib.h>
        -:    7:
function compare called 1775979 returned 100% blocks executed 100%
  1775979:    8:int compare(const void* a, const void* b) {
  1775979:    9:  if (*(int*)a > *(int*)b)
branch  0 taken 49% (fallthrough)
branch  1 taken 51%
   877670:   10:    return 1;
   898309:   11:  if (*(int*)a < *(int*)b)
branch  0 taken 40% (fallthrough)
branch  1 taken 60%
   362458:   12:    return -1;
   535851:   13:  return 0;
        -:   14:}
        -:   15:
function newGame called 0 returned 0% blocks executed 0%
    #####:   16:struct gameState* newGame() {
    #####:   17:  struct gameState* g = malloc(sizeof(struct gameState));
    #####:   18:  return g;
        -:   19:}
        -:   20:
function kingdomCards called 0 returned 0% blocks executed 0%
    #####:   21:int* kingdomCards(int k1, int k2, int k3, int k4, int k5, int k6, int k7,
        -:   22:		  int k8, int k9, int k10) {
    #####:   23:  int* k = malloc(10 * sizeof(int));
    #####:   24:  k[0] = k1;
    #####:   25:  k[1] = k2;
    #####:   26:  k[2] = k3;
    #####:   27:  k[3] = k4;
    #####:   28:  k[4] = k5;
    #####:   29:  k[5] = k6;
    #####:   30:  k[6] = k7;
    #####:   31:  k[7] = k8;
    #####:   32:  k[8] = k9;
    #####:   33:  k[9] = k10;
    #####:   34:  return k;
        -:   35:}
        -:   36:
function initializeGame called 0 returned 0% blocks executed 0%
    #####:   37:int initializeGame(int numPlayers, int kingdomCards[10], int randomSeed,
        -:   38:		   struct gameState *state) {
        -:   39:
        -:   40:  int i;
        -:   41:  int j;
        -:   42:  int it;			
        -:   43:  //set up random number generator
    #####:   44:  SelectStream(1);
call    0 never executed
    #####:   45:  PutSeed((long)randomSeed);
call    0 never executed
        -:   46:  
        -:   47:  //check number of players
    #####:   48:  if (numPlayers > MAX_PLAYERS || numPlayers < 2)
branch  0 never executed
branch  1 never executed
branch  2 never executed
branch  3 never executed
        -:   49:    {
    #####:   50:      return -1;
        -:   51:    }
        -:   52:
        -:   53:  //set number of players
    #####:   54:  state->numPlayers = numPlayers;
        -:   55:
        -:   56:  //check selected kingdom cards are different
    #####:   57:  for (i = 0; i < 10; i++)
branch  0 never executed
branch  1 never executed
        -:   58:    {
    #####:   59:      for (j = 0; j < 10; j++)
branch  0 never executed
branch  1 never executed
        -:   60:        {
    #####:   61:	  if (j != i && kingdomCards[j] == kingdomCards[i])
branch  0 never executed
branch  1 never executed
branch  2 never executed
branch  3 never executed
        -:   62:	    {
    #####:   63:	      return -1;
        -:   64:	    }
        -:   65:        }
        -:   66:    }
        -:   67:
        -:   68:
        -:   69:  //initialize supply
        -:   70:  ///////////////////////////////
        -:   71:
        -:   72:  //set number of Curse cards
    #####:   73:  if (numPlayers == 2)
branch  0 never executed
branch  1 never executed
        -:   74:    {
    #####:   75:      state->supplyCount[curse] = 10;
        -:   76:    }
    #####:   77:  else if (numPlayers == 3)
branch  0 never executed
branch  1 never executed
        -:   78:    {
    #####:   79:      state->supplyCount[curse] = 20;
        -:   80:    }
        -:   81:  else
        -:   82:    {
    #####:   83:      state->supplyCount[curse] = 30;
        -:   84:    }
        -:   85:
        -:   86:  //set number of Victory cards
    #####:   87:  if (numPlayers == 2)
branch  0 never executed
branch  1 never executed
        -:   88:    {
    #####:   89:      state->supplyCount[estate] = 8;
    #####:   90:      state->supplyCount[duchy] = 8;
    #####:   91:      state->supplyCount[province] = 8;
        -:   92:    }
        -:   93:  else
        -:   94:    {
    #####:   95:      state->supplyCount[estate] = 12;
    #####:   96:      state->supplyCount[duchy] = 12;
    #####:   97:      state->supplyCount[province] = 12;
        -:   98:    }
        -:   99:
        -:  100:  //set number of Treasure cards
    #####:  101:  state->supplyCount[copper] = 60 - (7 * numPlayers);
    #####:  102:  state->supplyCount[silver] = 40;
    #####:  103:  state->supplyCount[gold] = 30;
        -:  104:
        -:  105:  //set number of Kingdom cards
    #####:  106:  for (i = adventurer; i <= treasure_map; i++)       	//loop all cards
branch  0 never executed
branch  1 never executed
        -:  107:    {
    #####:  108:      for (j = 0; j < 10; j++)           		//loop chosen cards
branch  0 never executed
branch  1 never executed
        -:  109:	{
    #####:  110:	  if (kingdomCards[j] == i)
branch  0 never executed
branch  1 never executed
        -:  111:	    {
        -:  112:	      //check if card is a 'Victory' Kingdom card
    #####:  113:	      if (kingdomCards[j] == great_hall || kingdomCards[j] == gardens)
branch  0 never executed
branch  1 never executed
branch  2 never executed
branch  3 never executed
        -:  114:		{
    #####:  115:		  if (numPlayers == 2){ 
branch  0 never executed
branch  1 never executed
    #####:  116:		    state->supplyCount[i] = 8; 
        -:  117:		  }
    #####:  118:		  else{ state->supplyCount[i] = 12; }
        -:  119:		}
        -:  120:	      else
        -:  121:		{
    #####:  122:		  state->supplyCount[i] = 10;
        -:  123:		}
    #####:  124:	      break;
        -:  125:	    }
        -:  126:	  else    //card is not in the set choosen for the game
        -:  127:	    {
    #####:  128:	      state->supplyCount[i] = -1;
        -:  129:	    }
        -:  130:	}
        -:  131:
        -:  132:    }
        -:  133:
        -:  134:  ////////////////////////
        -:  135:  //supply intilization complete
        -:  136:
        -:  137:  //set player decks
    #####:  138:  for (i = 0; i < numPlayers; i++)
branch  0 never executed
branch  1 never executed
        -:  139:    {
    #####:  140:      state->deckCount[i] = 0;
    #####:  141:      for (j = 0; j < 3; j++)
branch  0 never executed
branch  1 never executed
        -:  142:	{
    #####:  143:	  state->deck[i][j] = estate;
    #####:  144:	  state->deckCount[i]++;
        -:  145:	}
    #####:  146:      for (j = 3; j < 10; j++)
branch  0 never executed
branch  1 never executed
        -:  147:	{
    #####:  148:	  state->deck[i][j] = copper;
    #####:  149:	  state->deckCount[i]++;		
        -:  150:	}
        -:  151:    }
        -:  152:
        -:  153:  //shuffle player decks
    #####:  154:  for (i = 0; i < numPlayers; i++)
branch  0 never executed
branch  1 never executed
        -:  155:    {
    #####:  156:      if ( shuffle(i, state) < 0 )
call    0 never executed
branch  1 never executed
branch  2 never executed
        -:  157:	{
    #####:  158:	  return -1;
        -:  159:	}
        -:  160:    }
        -:  161:
        -:  162:  //draw player hands
    #####:  163:  for (i = 0; i < numPlayers; i++)
branch  0 never executed
branch  1 never executed
        -:  164:    {  
        -:  165:      //initialize hand size to zero
    #####:  166:      state->handCount[i] = 0;
    #####:  167:      state->discardCount[i] = 0;
        -:  168:      //draw 5 cards
        -:  169:      // for (j = 0; j < 5; j++)
        -:  170:      //	{
        -:  171:      //	  drawCard(i, state);
        -:  172:      //	}
        -:  173:    }
        -:  174:  
        -:  175:  //set embargo tokens to 0 for all supply piles
    #####:  176:  for (i = 0; i <= treasure_map; i++)
branch  0 never executed
branch  1 never executed
        -:  177:    {
    #####:  178:      state->embargoTokens[i] = 0;
        -:  179:    }
        -:  180:
        -:  181:  //initialize first player's turn
    #####:  182:  state->outpostPlayed = 0;
    #####:  183:  state->phase = 0;
    #####:  184:  state->numActions = 1;
    #####:  185:  state->numBuys = 1;
    #####:  186:  state->playedCardCount = 0;
    #####:  187:  state->whoseTurn = 0;
    #####:  188:  state->handCount[state->whoseTurn] = 0;
        -:  189:  //int it; move to top
        -:  190:
        -:  191:  //Moved draw cards to here, only drawing at the start of a turn
    #####:  192:  for (it = 0; it < 5; it++){
branch  0 never executed
branch  1 never executed
    #####:  193:    drawCard(state->whoseTurn, state);
call    0 never executed
        -:  194:  }
        -:  195:
    #####:  196:  updateCoins(state->whoseTurn, state, 0);
call    0 never executed
        -:  197:
    #####:  198:  return 0;
        -:  199:}
        -:  200:
function shuffle called 936 returned 100% blocks executed 100%
      936:  201:int shuffle(int player, struct gameState *state) {
        -:  202: 
        -:  203:
        -:  204:  int newDeck[MAX_DECK];
      936:  205:  int newDeckPos = 0;
        -:  206:  int card;
        -:  207:  int i;
        -:  208:
      936:  209:  if (state->deckCount[player] < 1)
branch  0 taken 50% (fallthrough)
branch  1 taken 50%
      468:  210:    return -1;
      468:  211:  qsort ((void*)(state->deck[player]), state->deckCount[player], sizeof(int), compare); 
call    0 returned 100%
        -:  212:  /* SORT CARDS IN DECK TO ENSURE DETERMINISM! */
        -:  213:
   233000:  214:  while (state->deckCount[player] > 0) {
branch  0 taken 99%
branch  1 taken 1% (fallthrough)
   232064:  215:    card = floor(Random() * state->deckCount[player]);
call    0 returned 100%
   232064:  216:    newDeck[newDeckPos] = state->deck[player][card];
   232064:  217:    newDeckPos++;
 28889390:  218:    for (i = card; i < state->deckCount[player]-1; i++) {
branch  0 taken 99%
branch  1 taken 1% (fallthrough)
 28657326:  219:      state->deck[player][i] = state->deck[player][i+1];
        -:  220:    }
   232064:  221:    state->deckCount[player]--;
        -:  222:  }
   232532:  223:  for (i = 0; i < newDeckPos; i++) {
branch  0 taken 99%
branch  1 taken 1% (fallthrough)
   232064:  224:    state->deck[player][i] = newDeck[i];
   232064:  225:    state->deckCount[player]++;
        -:  226:  }
        -:  227:
      468:  228:  return 0;
        -:  229:}
        -:  230:
function playCard called 0 returned 0% blocks executed 0%
    #####:  231:int playCard(int handPos, int choice1, int choice2, int choice3, struct gameState *state) 
        -:  232:{	
        -:  233:  int card;
    #####:  234:  int coin_bonus = 0; 		//tracks coins gain from actions
        -:  235:
        -:  236:  //check if it is the right phase
    #####:  237:  if (state->phase != 0)
branch  0 never executed
branch  1 never executed
        -:  238:    {
    #####:  239:      return -1;
        -:  240:    }
        -:  241:	
        -:  242:  //check if player has enough actions
    #####:  243:  if ( state->numActions < 1 )
branch  0 never executed
branch  1 never executed
        -:  244:    {
    #####:  245:      return -1;
        -:  246:    }
        -:  247:	
        -:  248:  //get card played
    #####:  249:  card = handCard(handPos, state);
call    0 never executed
        -:  250:	
        -:  251:  //check if selected card is an action
    #####:  252:  if ( card < adventurer || card > treasure_map )
branch  0 never executed
branch  1 never executed
branch  2 never executed
branch  3 never executed
        -:  253:    {
    #####:  254:      return -1;
        -:  255:    }
        -:  256:	
        -:  257:  //play card
    #####:  258:  if ( cardEffect(card, choice1, choice2, choice3, state, handPos, &coin_bonus) < 0 )
call    0 never executed
branch  1 never executed
branch  2 never executed
        -:  259:    {
    #####:  260:      return -1;
        -:  261:    }
        -:  262:	
        -:  263:  //reduce number of actions
    #####:  264:  state->numActions--;
        -:  265:
        -:  266:  //update coins (Treasure cards may be added with card draws)
    #####:  267:  updateCoins(state->whoseTurn, state, coin_bonus);
call    0 never executed
        -:  268:	
    #####:  269:  return 0;
        -:  270:}
        -:  271:
function buyCard called 0 returned 0% blocks executed 0%
    #####:  272:int buyCard(int supplyPos, struct gameState *state) {
        -:  273:  int who;
        -:  274:  if (DEBUG){
        -:  275:    printf("Entering buyCard...\n");
        -:  276:  }
        -:  277:
        -:  278:  // I don't know what to do about the phase thing.
        -:  279:
    #####:  280:  who = state->whoseTurn;
        -:  281:
    #####:  282:  if (state->numBuys < 1){
branch  0 never executed
branch  1 never executed
        -:  283:    if (DEBUG)
        -:  284:      printf("You do not have any buys left\n");
    #####:  285:    return -1;
    #####:  286:  } else if (supplyCount(supplyPos, state) <1){
call    0 never executed
branch  1 never executed
branch  2 never executed
        -:  287:    if (DEBUG)
        -:  288:      printf("There are not any of that type of card left\n");
    #####:  289:    return -1;
    #####:  290:  } else if (state->coins < getCost(supplyPos)){
call    0 never executed
branch  1 never executed
branch  2 never executed
        -:  291:    if (DEBUG) 
        -:  292:      printf("You do not have enough money to buy that. You have %d coins.\n", state->coins);
    #####:  293:    return -1;
        -:  294:  } else {
    #####:  295:    state->phase=1;
        -:  296:    //state->supplyCount[supplyPos]--;
    #####:  297:    gainCard(supplyPos, state, 0, who); //card goes in discard, this might be wrong.. (2 means goes into hand, 0 goes into discard)
call    0 never executed
        -:  298:  
    #####:  299:    state->coins = (state->coins) - (getCost(supplyPos));
call    0 never executed
    #####:  300:    state->numBuys--;
        -:  301:    if (DEBUG)
        -:  302:      printf("You bought card number %d for %d coins. You now have %d buys and %d coins.\n", supplyPos, getCost(supplyPos), state->numBuys, state->coins);
        -:  303:  }
        -:  304:
        -:  305:  //state->discard[who][state->discardCount[who]] = supplyPos;
        -:  306:  //state->discardCount[who]++;
        -:  307:    
    #####:  308:  return 0;
        -:  309:}
        -:  310:
function numHandCards called 0 returned 0% blocks executed 0%
    #####:  311:int numHandCards(struct gameState *state) {
    #####:  312:  return state->handCount[ whoseTurn(state) ];
call    0 never executed
        -:  313:}
        -:  314:
function handCard called 6 returned 100% blocks executed 100%
        6:  315:int handCard(int handPos, struct gameState *state) {
        6:  316:  int currentPlayer = whoseTurn(state);
call    0 returned 100%
        6:  317:  return state->hand[currentPlayer][handPos];
        -:  318:}
        -:  319:
function supplyCount called 10 returned 100% blocks executed 100%
       10:  320:int supplyCount(int card, struct gameState *state) {
       10:  321:  return state->supplyCount[card];
        -:  322:}
        -:  323:
function fullDeckCount called 10 returned 100% blocks executed 100%
       10:  324:int fullDeckCount(int player, int card, struct gameState *state) {
        -:  325:  int i;
       10:  326:  int count = 0;
        -:  327:
       90:  328:  for (i = 0; i < state->deckCount[player]; i++)
branch  0 taken 89%
branch  1 taken 11% (fallthrough)
        -:  329:    {
       80:  330:      if (state->deck[player][i] == card) count++;
branch  0 taken 30% (fallthrough)
branch  1 taken 70%
        -:  331:    }
        -:  332:
       70:  333:  for (i = 0; i < state->handCount[player]; i++)
branch  0 taken 86%
branch  1 taken 14% (fallthrough)
        -:  334:    {
       60:  335:      if (state->hand[player][i] == card) count++;
branch  0 taken 70% (fallthrough)
branch  1 taken 30%
        -:  336:    }
        -:  337:
       90:  338:  for (i = 0; i < state->discardCount[player]; i++)
branch  0 taken 89%
branch  1 taken 11% (fallthrough)
        -:  339:    {
       80:  340:      if (state->discard[player][i] == card) count++;
branch  0 taken 55% (fallthrough)
branch  1 taken 45%
        -:  341:    }
        -:  342:
       10:  343:  return count;
        -:  344:}
        -:  345:
function whoseTurn called 6 returned 100% blocks executed 100%
        6:  346:int whoseTurn(struct gameState *state) {
        6:  347:  return state->whoseTurn;
        -:  348:}
        -:  349:
function endTurn called 0 returned 0% blocks executed 0%
    #####:  350:int endTurn(struct gameState *state) {
        -:  351:  int k;
        -:  352:  int i;
    #####:  353:  int currentPlayer = whoseTurn(state);
call    0 never executed
        -:  354:  
        -:  355:  //Discard hand
    #####:  356:  for (i = 0; i < state->handCount[currentPlayer]; i++){
branch  0 never executed
branch  1 never executed
    #####:  357:    state->discard[currentPlayer][state->discardCount[currentPlayer]++] = state->hand[currentPlayer][i];//Discard
    #####:  358:    state->hand[currentPlayer][i] = -1;//Set card to -1
        -:  359:  }
    #####:  360:  state->handCount[currentPlayer] = 0;//Reset hand count
        -:  361:    
        -:  362:  //Code for determining the player
    #####:  363:  if (currentPlayer < (state->numPlayers - 1)){ 
branch  0 never executed
branch  1 never executed
    #####:  364:    state->whoseTurn = currentPlayer + 1;//Still safe to increment
        -:  365:  }
        -:  366:  else{
    #####:  367:    state->whoseTurn = 0;//Max player has been reached, loop back around to player 1
        -:  368:  }
        -:  369:
    #####:  370:  state->outpostPlayed = 0;
    #####:  371:  state->phase = 0;
    #####:  372:  state->numActions = 1;
    #####:  373:  state->coins = 0;
    #####:  374:  state->numBuys = 1;
    #####:  375:  state->playedCardCount = 0;
    #####:  376:  state->handCount[state->whoseTurn] = 0;
        -:  377:
        -:  378:  //int k; move to top
        -:  379:  //Next player draws hand
    #####:  380:  for (k = 0; k < 5; k++){
branch  0 never executed
branch  1 never executed
    #####:  381:    drawCard(state->whoseTurn, state);//Draw a card
call    0 never executed
        -:  382:  }
        -:  383:
        -:  384:  //Update money
    #####:  385:  updateCoins(state->whoseTurn, state , 0);
call    0 never executed
        -:  386:
    #####:  387:  return 0;
        -:  388:}
        -:  389:
function isGameOver called 35 returned 100% blocks executed 100%
       35:  390:int isGameOver(struct gameState *state) {
        -:  391:  int i;
        -:  392:  int j;
        -:  393:	
        -:  394:  //if stack of Province cards is empty, the game ends
       35:  395:  if (state->supplyCount[province] == 0)
branch  0 taken 40% (fallthrough)
branch  1 taken 60%
        -:  396:    {
       14:  397:      return 1;
        -:  398:    }
        -:  399:
        -:  400:  //if three supply pile are at 0, the game ends
       21:  401:  j = 0;
      546:  402:  for (i = 0; i < 25; i++)
branch  0 taken 96%
branch  1 taken 4% (fallthrough)
        -:  403:    {
      525:  404:      if (state->supplyCount[i] == 0)
branch  0 taken 7% (fallthrough)
branch  1 taken 93%
        -:  405:	{
       35:  406:	  j++;
        -:  407:	}
        -:  408:    }
       21:  409:  if ( j >= 3)
branch  0 taken 33% (fallthrough)
branch  1 taken 67%
        -:  410:    {
        7:  411:      return 1;
        -:  412:    }
        -:  413:
       14:  414:  return 0;
        -:  415:}
        -:  416:
function scoreFor called 0 returned 0% blocks executed 0%
    #####:  417:int scoreFor (int player, struct gameState *state) {
        -:  418:
        -:  419:  int i;
    #####:  420:  int score = 0;
        -:  421:  //score from hand
    #####:  422:  for (i = 0; i < state->handCount[player]; i++)
branch  0 never executed
branch  1 never executed
        -:  423:    {
    #####:  424:      if (state->hand[player][i] == curse) { score = score - 1; };
branch  0 never executed
branch  1 never executed
    #####:  425:      if (state->hand[player][i] == estate) { score = score + 1; };
branch  0 never executed
branch  1 never executed
    #####:  426:      if (state->hand[player][i] == duchy) { score = score + 3; };
branch  0 never executed
branch  1 never executed
    #####:  427:      if (state->hand[player][i] == province) { score = score + 6; };
branch  0 never executed
branch  1 never executed
    #####:  428:      if (state->hand[player][i] == great_hall) { score = score + 1; };
branch  0 never executed
branch  1 never executed
    #####:  429:      if (state->hand[player][i] == gardens) { score = score + ( fullDeckCount(player, 0, state) / 10 ); };
branch  0 never executed
branch  1 never executed
call    2 never executed
        -:  430:    }
        -:  431:
        -:  432:  //score from discard
    #####:  433:  for (i = 0; i < state->discardCount[player]; i++)
branch  0 never executed
branch  1 never executed
        -:  434:    {
    #####:  435:      if (state->discard[player][i] == curse) { score = score - 1; };
branch  0 never executed
branch  1 never executed
    #####:  436:      if (state->discard[player][i] == estate) { score = score + 1; };
branch  0 never executed
branch  1 never executed
    #####:  437:      if (state->discard[player][i] == duchy) { score = score + 3; };
branch  0 never executed
branch  1 never executed
    #####:  438:      if (state->discard[player][i] == province) { score = score + 6; };
branch  0 never executed
branch  1 never executed
    #####:  439:      if (state->discard[player][i] == great_hall) { score = score + 1; };
branch  0 never executed
branch  1 never executed
    #####:  440:      if (state->discard[player][i] == gardens) { score = score + ( fullDeckCount(player, 0, state) / 10 ); };
branch  0 never executed
branch  1 never executed
call    2 never executed
        -:  441:    }
        -:  442:
        -:  443:  //score from deck
    #####:  444:  for (i = 0; i < state->discardCount[player]; i++)
branch  0 never executed
branch  1 never executed
        -:  445:    {
    #####:  446:      if (state->deck[player][i] == curse) { score = score - 1; };
branch  0 never executed
branch  1 never executed
    #####:  447:      if (state->deck[player][i] == estate) { score = score + 1; };
branch  0 never executed
branch  1 never executed
    #####:  448:      if (state->deck[player][i] == duchy) { score = score + 3; };
branch  0 never executed
branch  1 never executed
    #####:  449:      if (state->deck[player][i] == province) { score = score + 6; };
branch  0 never executed
branch  1 never executed
    #####:  450:      if (state->deck[player][i] == great_hall) { score = score + 1; };
branch  0 never executed
branch  1 never executed
    #####:  451:      if (state->deck[player][i] == gardens) { score = score + ( fullDeckCount(player, 0, state) / 10 ); };
branch  0 never executed
branch  1 never executed
call    2 never executed
        -:  452:    }
        -:  453:
    #####:  454:  return score;
        -:  455:}
        -:  456:
function getWinners called 0 returned 0% blocks executed 0%
    #####:  457:int getWinners(int players[MAX_PLAYERS], struct gameState *state) {
        -:  458:  int i;	
        -:  459:  int j;
        -:  460:  int highScore;
        -:  461:  int currentPlayer;
        -:  462:
        -:  463:  //get score for each player
    #####:  464:  for (i = 0; i < MAX_PLAYERS; i++)
branch  0 never executed
branch  1 never executed
        -:  465:    {
        -:  466:      //set unused player scores to -9999
    #####:  467:      if (i >= state->numPlayers)
branch  0 never executed
branch  1 never executed
        -:  468:	{
    #####:  469:	  players[i] = -9999;
        -:  470:	}
        -:  471:      else
        -:  472:	{
    #####:  473:	  players[i] = scoreFor (i, state);
call    0 never executed
        -:  474:	}
        -:  475:    }
        -:  476:
        -:  477:  //find highest score
    #####:  478:  j = 0;
    #####:  479:  for (i = 0; i < MAX_PLAYERS; i++)
branch  0 never executed
branch  1 never executed
        -:  480:    {
    #####:  481:      if (players[i] > players[j])
branch  0 never executed
branch  1 never executed
        -:  482:	{
    #####:  483:	  j = i;
        -:  484:	}
        -:  485:    }
    #####:  486:  highScore = players[j];
        -:  487:
        -:  488:  //add 1 to players who had less turns
    #####:  489:  currentPlayer = whoseTurn(state);
call    0 never executed
    #####:  490:  for (i = 0; i < MAX_PLAYERS; i++)
branch  0 never executed
branch  1 never executed
        -:  491:    {
    #####:  492:      if ( players[i] == highScore && i > currentPlayer )
branch  0 never executed
branch  1 never executed
branch  2 never executed
branch  3 never executed
        -:  493:	{
    #####:  494:	  players[i]++;
        -:  495:	}
        -:  496:    }
        -:  497:
        -:  498:  //find new highest score
    #####:  499:  j = 0;
    #####:  500:  for (i = 0; i < MAX_PLAYERS; i++)
branch  0 never executed
branch  1 never executed
        -:  501:    {
    #####:  502:      if ( players[i] > players[j] )
branch  0 never executed
branch  1 never executed
        -:  503:	{
    #####:  504:	  j = i;
        -:  505:	}
        -:  506:    }
    #####:  507:  highScore = players[j];
        -:  508:
        -:  509:  //set winners in array to 1 and rest to 0
    #####:  510:  for (i = 0; i < MAX_PLAYERS; i++)
branch  0 never executed
branch  1 never executed
        -:  511:    {
    #####:  512:      if ( players[i] == highScore )
branch  0 never executed
branch  1 never executed
        -:  513:	{
    #####:  514:	  players[i] = 1;
        -:  515:	}
        -:  516:      else
        -:  517:	{
    #####:  518:	  players[i] = 0;
        -:  519:	}
        -:  520:    }
        -:  521:
    #####:  522:  return 0;
        -:  523:}
        -:  524:
function drawCard called 2053699 returned 100% blocks executed 92%
  2053699:  525:int drawCard(int player, struct gameState *state)
        -:  526:{	int count;
        -:  527:  int deckCounter;
  2053699:  528:  if (state->deckCount[player] <= 0){//Deck is empty
branch  0 taken 1% (fallthrough)
branch  1 taken 99%
        -:  529:    
        -:  530:    //Step 1 Shuffle the discard pile back into a deck
        -:  531:    int i;
        -:  532:    //Move discard to deck
   232532:  533:    for (i = 0; i < state->discardCount[player];i++){
branch  0 taken 99%
branch  1 taken 1% (fallthrough)
   232064:  534:      state->deck[player][i] = state->discard[player][i];
   232064:  535:      state->discard[player][i] = -1;
        -:  536:    }
        -:  537:
      468:  538:    state->deckCount[player] = state->discardCount[player];
      468:  539:    state->discardCount[player] = 0;//Reset discard
        -:  540:
        -:  541:    //Shufffle the deck
      468:  542:    shuffle(player, state);//Shuffle the deck up and make it so that we can draw
call    0 returned 100%
        -:  543:   
        -:  544:    if (DEBUG){//Debug statements
        -:  545:      printf("Deck count now: %d\n", state->deckCount[player]);
        -:  546:    }
        -:  547:    
      468:  548:    state->discardCount[player] = 0;
        -:  549:
        -:  550:    //Step 2 Draw Card
      468:  551:    count = state->handCount[player];//Get current player's hand count
        -:  552:    
        -:  553:    if (DEBUG){//Debug statements
        -:  554:      printf("Current hand count: %d\n", count);
        -:  555:    }
        -:  556:    
      468:  557:    deckCounter = state->deckCount[player];//Create a holder for the deck count
        -:  558:
      468:  559:    if (deckCounter == 0)
branch  0 taken 0% (fallthrough)
branch  1 taken 100%
    #####:  560:      return -1;
        -:  561:
      468:  562:    state->hand[player][count] = state->deck[player][deckCounter - 1];//Add card to hand
      468:  563:    state->deckCount[player]--;
      468:  564:    state->handCount[player]++;//Increment hand count
        -:  565:  }
        -:  566:
        -:  567:  else{
  2053231:  568:    int count = state->handCount[player];//Get current hand count for player
        -:  569:    int deckCounter;
        -:  570:    if (DEBUG){//Debug statements
        -:  571:      printf("Current hand count: %d\n", count);
        -:  572:    }
        -:  573:
  2053231:  574:    deckCounter = state->deckCount[player];//Create holder for the deck count
  2053231:  575:    state->hand[player][count] = state->deck[player][deckCounter - 1];//Add card to the hand
  2053231:  576:    state->deckCount[player]--;
  2053231:  577:    state->handCount[player]++;//Increment hand count
        -:  578:  }
        -:  579:
  2053699:  580:  return 0;
        -:  581:}
        -:  582:
function getCost called 0 returned 0% blocks executed 0%
    #####:  583:int getCost(int cardNumber)
        -:  584:{
    #####:  585:  switch( cardNumber ) 
branch  0 never executed
branch  1 never executed
branch  2 never executed
branch  3 never executed
branch  4 never executed
branch  5 never executed
branch  6 never executed
branch  7 never executed
branch  8 never executed
branch  9 never executed
branch 10 never executed
branch 11 never executed
branch 12 never executed
branch 13 never executed
branch 14 never executed
branch 15 never executed
branch 16 never executed
branch 17 never executed
branch 18 never executed
branch 19 never executed
branch 20 never executed
branch 21 never executed
branch 22 never executed
branch 23 never executed
branch 24 never executed
branch 25 never executed
branch 26 never executed
branch 27 never executed
        -:  586:    {
        -:  587:    case curse:
    #####:  588:      return 0;
        -:  589:    case estate:
    #####:  590:      return 2;
        -:  591:    case duchy:
    #####:  592:      return 5;
        -:  593:    case province:
    #####:  594:      return 8;
        -:  595:    case copper:
    #####:  596:      return 0;
        -:  597:    case silver:
    #####:  598:      return 3;
        -:  599:    case gold:
    #####:  600:      return 6;
        -:  601:    case adventurer:
    #####:  602:      return 6;
        -:  603:    case council_room:
    #####:  604:      return 5;
        -:  605:    case feast:
    #####:  606:      return 4;
        -:  607:    case gardens:
    #####:  608:      return 4;
        -:  609:    case mine:
    #####:  610:      return 5;
        -:  611:    case remodel:
    #####:  612:      return 4;
        -:  613:    case smithy:
    #####:  614:      return 4;
        -:  615:    case village:
    #####:  616:      return 3;
        -:  617:    case baron:
    #####:  618:      return 4;
        -:  619:    case great_hall:
    #####:  620:      return 3;
        -:  621:    case minion:
    #####:  622:      return 5;
        -:  623:    case steward:
    #####:  624:      return 3;
        -:  625:    case tribute:
    #####:  626:      return 5;
        -:  627:    case ambassador:
    #####:  628:      return 3;
        -:  629:    case cutpurse:
    #####:  630:      return 4;
        -:  631:    case embargo: 
    #####:  632:      return 2;
        -:  633:    case outpost:
    #####:  634:      return 5;
        -:  635:    case salvager:
    #####:  636:      return 4;
        -:  637:    case sea_hag:
    #####:  638:      return 4;
        -:  639:    case treasure_map:
    #####:  640:      return 4;
        -:  641:    }
        -:  642:	
    #####:  643:  return -1;
        -:  644:}
        -:  645:
        -:  646:
function cardEffect_adventurer called 100000 returned 100% blocks executed 100%
   100000:  647:int cardEffect_adventurer(int drawntreasure, struct gameState *state, int currentPlayer, int cardDrawn, int * temphand){
   100000:  648:    int z=0;
  2153699:  649:  while(drawntreasure<=2){
branch  0 taken 95%
branch  1 taken 5% (fallthrough)
  1953699:  650:    if (state->deckCount[currentPlayer] <1){//if the deck is empty we need to shuffle discard and add to deck
branch  0 taken 1% (fallthrough)
branch  1 taken 99%
      468:  651:      shuffle(currentPlayer, state);
call    0 returned 100%
        -:  652:    }
  1953699:  653:    drawCard(currentPlayer, state);
call    0 returned 100%
  1953699:  654:    cardDrawn = state->hand[currentPlayer][state->handCount[currentPlayer]-1];//top card of hand is most recently drawn card.
  1953699:  655:    if (cardDrawn == copper || cardDrawn == silver || cardDrawn == gold)
branch  0 taken 96% (fallthrough)
branch  1 taken 4%
branch  2 taken 96% (fallthrough)
branch  3 taken 4%
branch  4 taken 8% (fallthrough)
branch  5 taken 92%
   300000:  656:      drawntreasure++;
        -:  657:    else{
  1653699:  658:      temphand[z]=cardDrawn;
  1653699:  659:      state->handCount[currentPlayer]--; //this should just remove the top card (the most recently drawn one).
  1653699:  660:      z++;
        -:  661:    }
        -:  662:  }
  1853699:  663:  while(z-1>=0){
branch  0 taken 94%
branch  1 taken 6% (fallthrough)
  1653699:  664:    state->discard[currentPlayer][state->discardCount[currentPlayer]++]=temphand[z-1]; // discard all cards in play that have been drawn
  1653699:  665:    z=z-1;
        -:  666:  }
   100000:  667:  return 0;
        -:  668:}
        -:  669:
function cardEffect_smithy called 25000 returned 100% blocks executed 100%
    25000:  670:int cardEffect_smithy(struct gameState *state, int currentPlayer, int handPos){
        -:  671:    //+3 Cards
    25000:  672:    int i=0;
        -:  673:    while(1)
        -:  674:    {
   100000:  675:        if(++i >3){
branch  0 taken 25% (fallthrough)
branch  1 taken 75%
    25000:  676:            break;
        -:  677:        }
    75000:  678:        drawCard(currentPlayer, state);
call    0 returned 100%
    75000:  679:    }
        -:  680:
        -:  681:    //discard card from hand
    25000:  682:    discardCard(handPos, currentPlayer, state, 0);
call    0 returned 100%
    25000:  683:    return 0;
        -:  684:}
        -:  685:
function cardEffect_great_hall called 25000 returned 100% blocks executed 100%
    25000:  686:int cardEffect_great_hall(struct gameState *state, int currentPlayer, int handPos){
        -:  687:    //+1 Card
    25000:  688:    drawCard(currentPlayer, state);
call    0 returned 100%
        -:  689:
        -:  690:    //+1 Actions
    25000:  691:    state->numActions++;
        -:  692:
        -:  693:    //discard card from hand
    25000:  694:    discardCard(handPos, currentPlayer, state, 0);
call    0 returned 100%
    25000:  695:    return 0;
        -:  696:}
        -:  697:
function cardEffect_outpost called 0 returned 0% blocks executed 0%
    #####:  698:int cardEffect_outpost(struct gameState* state, int currentPlayer, int handPos) {
        -:  699:    //set outpost flag
    #####:  700:    state->outpostPlayed++;
        -:  701:
        -:  702:    //discard card
    #####:  703:    discardCard(handPos, currentPlayer, state, 0);
call    0 never executed
    #####:  704:    return 0;
        -:  705:}
        -:  706:
function cardEffect_ambassador called 0 returned 0% blocks executed 0%
    #####:  707:int cardEffect_ambassador(struct gameState *state, int currentPlayer, int handPos, int choice1, int choice2){
        -:  708:    int i;
        -:  709:    int j;
    #####:  710:    j = 0;		//used to check if player has enough cards to discard
        -:  711:
    #####:  712:    if (choice2 > 2 || choice2 < 0)
branch  0 never executed
branch  1 never executed
branch  2 never executed
branch  3 never executed
        -:  713:    {
    #####:  714:        return -1;
        -:  715:    }
        -:  716:
    #####:  717:    if (choice1 == handPos)
branch  0 never executed
branch  1 never executed
        -:  718:    {
    #####:  719:        return -1;
        -:  720:    }
        -:  721:
    #####:  722:    for (i = 0; i < state->handCount[currentPlayer]; i++)
branch  0 never executed
branch  1 never executed
        -:  723:    {
    #####:  724:        if (i != handPos && i == state->hand[currentPlayer][choice1] && i != choice1)
branch  0 never executed
branch  1 never executed
branch  2 never executed
branch  3 never executed
branch  4 never executed
branch  5 never executed
        -:  725:        {
    #####:  726:            j++;
        -:  727:        }
        -:  728:    }
    #####:  729:    if (j < choice2)
branch  0 never executed
branch  1 never executed
        -:  730:    {
    #####:  731:        return -1;
        -:  732:    }
        -:  733:
        -:  734:    if (DEBUG)
        -:  735:        printf("Player %d reveals card number: %d\n", currentPlayer, state->hand[currentPlayer][choice1]);
        -:  736:
        -:  737:    //increase supply count for choosen card by amount being discarded
    #####:  738:    state->supplyCount[state->hand[currentPlayer][choice1]] += choice2;
        -:  739:
        -:  740:    //each other player gains a copy of revealed card
    #####:  741:    for (i = 0; i < state->numPlayers; i++)
branch  0 never executed
branch  1 never executed
        -:  742:    {
    #####:  743:        if (i != currentPlayer)
branch  0 never executed
branch  1 never executed
        -:  744:        {
    #####:  745:            gainCard(state->hand[currentPlayer][choice2], state, 0, i);
call    0 never executed
        -:  746:        }
        -:  747:    }
        -:  748:
        -:  749:    //discard played card from hand
    #####:  750:    discardCard(handPos, currentPlayer, state, 0);
call    0 never executed
        -:  751:
        -:  752:    //trash copies of cards returned to supply
    #####:  753:    for (j = 0; j < choice2; j++)
branch  0 never executed
branch  1 never executed
        -:  754:    {
    #####:  755:        for (i = 0; i < state->handCount[currentPlayer]; i++)
branch  0 never executed
branch  1 never executed
        -:  756:        {
    #####:  757:            if (state->hand[currentPlayer][i] == state->hand[currentPlayer][choice1])
branch  0 never executed
branch  1 never executed
        -:  758:            {
    #####:  759:                discardCard(i, currentPlayer, state, 1);
call    0 never executed
    #####:  760:                break;
        -:  761:            }
        -:  762:        }
        -:  763:    }
        -:  764:
    #####:  765:    return 0;
        -:  766:}
        -:  767:
function cardEffect called 0 returned 0% blocks executed 0%
    #####:  768:int cardEffect(int card, int choice1, int choice2, int choice3, struct gameState *state, int handPos, int *bonus)
        -:  769:{
        -:  770:  int i;
        -:  771:  int j;
        -:  772:  int k;
        -:  773:  int x;
        -:  774:  int index;
    #####:  775:  int currentPlayer = whoseTurn(state);
call    0 never executed
    #####:  776:  int nextPlayer = currentPlayer + 1;
        -:  777:
    #####:  778:  int tributeRevealedCards[2] = {-1, -1};
        -:  779:  int temphand[MAX_HAND];// moved above the if statement
    #####:  780:  int drawntreasure=0;
        -:  781:  int cardDrawn;
    #####:  782:  int z = 0;// this is the counter for the temp hand
    #####:  783:  if (nextPlayer > (state->numPlayers - 1)){
branch  0 never executed
branch  1 never executed
    #####:  784:    nextPlayer = 0;
        -:  785:  }
        -:  786:
        -:  787:
        -:  788:	
        -:  789:  //uses switch to select card and perform actions
    #####:  790:  switch( card ) 
branch  0 never executed
branch  1 never executed
branch  2 never executed
branch  3 never executed
branch  4 never executed
branch  5 never executed
branch  6 never executed
branch  7 never executed
branch  8 never executed
branch  9 never executed
branch 10 never executed
branch 11 never executed
branch 12 never executed
branch 13 never executed
branch 14 never executed
branch 15 never executed
branch 16 never executed
branch 17 never executed
branch 18 never executed
branch 19 never executed
branch 20 never executed
        -:  791:    {
        -:  792:    case adventurer:
    #####:  793:      return cardEffect_adventurer(drawntreasure, state, currentPlayer, cardDrawn, temphand);
call    0 never executed
        -:  794:			
        -:  795:    case council_room:
        -:  796:      //+4 Cards
    #####:  797:      for (i = 0; i < 4; i++)
branch  0 never executed
branch  1 never executed
        -:  798:	{
    #####:  799:	  drawCard(currentPlayer, state);
call    0 never executed
        -:  800:	}
        -:  801:			
        -:  802:      //+1 Buy
    #####:  803:      state->numBuys++;
        -:  804:			
        -:  805:      //Each other player draws a card
    #####:  806:      for (i = 0; i < state->numPlayers; i++)
branch  0 never executed
branch  1 never executed
        -:  807:	{
    #####:  808:	  if ( i != currentPlayer )
branch  0 never executed
branch  1 never executed
        -:  809:	    {
    #####:  810:	      drawCard(i, state);
call    0 never executed
        -:  811:	    }
        -:  812:	}
        -:  813:			
        -:  814:      //put played card in played card pile
    #####:  815:      discardCard(handPos, currentPlayer, state, 0);
call    0 never executed
        -:  816:			
    #####:  817:      return 0;
        -:  818:			
        -:  819:    case feast:
        -:  820:      //gain card with cost up to 5
        -:  821:      //Backup hand
    #####:  822:      for (i = 0; i <= state->handCount[currentPlayer]; i++){
branch  0 never executed
branch  1 never executed
    #####:  823:	temphand[i] = state->hand[currentPlayer][i];//Backup card
    #####:  824:	state->hand[currentPlayer][i] = -1;//Set to nothing
        -:  825:      }
        -:  826:      //Backup hand
        -:  827:
        -:  828:      //Update Coins for Buy
    #####:  829:      updateCoins(currentPlayer, state, 5);
call    0 never executed
    #####:  830:      x = 1;//Condition to loop on
    #####:  831:      while( x == 1) {//Buy one card
branch  0 never executed
branch  1 never executed
    #####:  832:	if (supplyCount(choice1, state) <= 0){
call    0 never executed
branch  1 never executed
branch  2 never executed
        -:  833:	  if (DEBUG)
        -:  834:	    printf("None of that card left, sorry!\n");
        -:  835:
        -:  836:	  if (DEBUG){
        -:  837:	    printf("Cards Left: %d\n", supplyCount(choice1, state));
        -:  838:	  }
        -:  839:	}
    #####:  840:	else if (state->coins < getCost(choice1)){
call    0 never executed
branch  1 never executed
branch  2 never executed
    #####:  841:	  printf("That card is too expensive!\n");
call    0 never executed
        -:  842:
        -:  843:	  if (DEBUG){
        -:  844:	    printf("Coins: %d < %d\n", state->coins, getCost(choice1));
        -:  845:	  }
        -:  846:	}
        -:  847:	else{
        -:  848:
        -:  849:	  if (DEBUG){
        -:  850:	    printf("Deck Count: %d\n", state->handCount[currentPlayer] + state->deckCount[currentPlayer] + state->discardCount[currentPlayer]);
        -:  851:	  }
        -:  852:
    #####:  853:	  gainCard(choice1, state, 0, currentPlayer);//Gain the card
call    0 never executed
    #####:  854:	  x = 0;//No more buying cards
        -:  855:
        -:  856:	  if (DEBUG){
        -:  857:	    printf("Deck Count: %d\n", state->handCount[currentPlayer] + state->deckCount[currentPlayer] + state->discardCount[currentPlayer]);
        -:  858:	  }
        -:  859:
        -:  860:	}
        -:  861:      }     
        -:  862:
        -:  863:      //Reset Hand
    #####:  864:      for (i = 0; i <= state->handCount[currentPlayer]; i++){
branch  0 never executed
branch  1 never executed
    #####:  865:	state->hand[currentPlayer][i] = temphand[i];
    #####:  866:	temphand[i] = -1;
        -:  867:      }
        -:  868:      //Reset Hand
        -:  869:      			
    #####:  870:      return 0;
        -:  871:			
        -:  872:    case gardens:
    #####:  873:      return -1;
        -:  874:			
        -:  875:    case mine:
    #####:  876:      j = state->hand[currentPlayer][choice1];  //store card we will trash
        -:  877:
    #####:  878:      if (state->hand[currentPlayer][choice1] < copper || state->hand[currentPlayer][choice1] > gold)
branch  0 never executed
branch  1 never executed
branch  2 never executed
branch  3 never executed
        -:  879:	{
    #####:  880:	  return -1;
        -:  881:	}
        -:  882:		
    #####:  883:      if (choice2 > treasure_map || choice2 < curse)
branch  0 never executed
branch  1 never executed
branch  2 never executed
branch  3 never executed
        -:  884:	{
    #####:  885:	  return -1;
        -:  886:	}
        -:  887:
    #####:  888:      if ( (getCost(state->hand[currentPlayer][choice1]) + 3) > getCost(choice2) )
call    0 never executed
call    1 never executed
branch  2 never executed
branch  3 never executed
        -:  889:	{
    #####:  890:	  return -1;
        -:  891:	}
        -:  892:
    #####:  893:      gainCard(choice2, state, 2, currentPlayer);
call    0 never executed
        -:  894:
        -:  895:      //discard card from hand
    #####:  896:      discardCard(handPos, currentPlayer, state, 0);
call    0 never executed
        -:  897:
        -:  898:      //discard trashed card
    #####:  899:      for (i = 0; i < state->handCount[currentPlayer]; i++)
branch  0 never executed
branch  1 never executed
        -:  900:	{
    #####:  901:	  if (state->hand[currentPlayer][i] == j)
branch  0 never executed
branch  1 never executed
        -:  902:	    {
    #####:  903:	      discardCard(i, currentPlayer, state, 0);			
call    0 never executed
    #####:  904:	      break;
        -:  905:	    }
        -:  906:	}
        -:  907:			
    #####:  908:      return 0;
        -:  909:			
        -:  910:    case remodel:
    #####:  911:      j = state->hand[currentPlayer][choice1];  //store card we will trash
        -:  912:
    #####:  913:      if ( (getCost(state->hand[currentPlayer][choice1]) + 2) > getCost(choice2) )
call    0 never executed
call    1 never executed
branch  2 never executed
branch  3 never executed
        -:  914:	{
    #####:  915:	  return -1;
        -:  916:	}
        -:  917:
    #####:  918:      gainCard(choice2, state, 0, currentPlayer);
call    0 never executed
        -:  919:
        -:  920:      //discard card from hand
    #####:  921:      discardCard(handPos, currentPlayer, state, 0);
call    0 never executed
        -:  922:
        -:  923:      //discard trashed card
    #####:  924:      for (i = 0; i < state->handCount[currentPlayer]; i++)
branch  0 never executed
branch  1 never executed
        -:  925:	{
    #####:  926:	  if (state->hand[currentPlayer][i] == j)
branch  0 never executed
branch  1 never executed
        -:  927:	    {
    #####:  928:	      discardCard(i, currentPlayer, state, 0);			
call    0 never executed
    #####:  929:	      break;
        -:  930:	    }
        -:  931:	}
        -:  932:
        -:  933:
    #####:  934:      return 0;
        -:  935:		
        -:  936:    case smithy:
    #####:  937:        return cardEffect_smithy(state, currentPlayer, handPos);
call    0 never executed
        -:  938:		
        -:  939:    case village:
        -:  940:      //+1 Card
    #####:  941:      drawCard(currentPlayer, state);
call    0 never executed
        -:  942:			
        -:  943:      //+2 Actions
    #####:  944:      state->numActions = state->numActions + 2;
        -:  945:			
        -:  946:      //discard played card from hand
    #####:  947:      discardCard(handPos, currentPlayer, state, 0);
call    0 never executed
    #####:  948:      return 0;
        -:  949:		
        -:  950:    case baron:
    #####:  951:      state->numBuys++;//Increase buys by 1!
    #####:  952:      if (choice1 > 0){//Boolean true or going to discard an estate
branch  0 never executed
branch  1 never executed
    #####:  953:	int p = 0;//Iterator for hand!
    #####:  954:	int card_not_discarded = 1;//Flag for discard set!
    #####:  955:	while(card_not_discarded){
branch  0 never executed
branch  1 never executed
    #####:  956:	  if (state->hand[currentPlayer][p] == estate){//Found an estate card!
branch  0 never executed
branch  1 never executed
    #####:  957:	    state->coins += 4;//Add 4 coins to the amount of coins
    #####:  958:	    state->discard[currentPlayer][state->discardCount[currentPlayer]] = state->hand[currentPlayer][p];
    #####:  959:	    state->discardCount[currentPlayer]++;
    #####:  960:	    for (;p < state->handCount[currentPlayer]; p++){
branch  0 never executed
branch  1 never executed
    #####:  961:	      state->hand[currentPlayer][p] = state->hand[currentPlayer][p+1];
        -:  962:	    }
    #####:  963:	    state->hand[currentPlayer][state->handCount[currentPlayer]] = -1;
    #####:  964:	    state->handCount[currentPlayer]--;
    #####:  965:	    card_not_discarded = 0;//Exit the loop
        -:  966:	  }
    #####:  967:	  else if (p > state->handCount[currentPlayer]){
branch  0 never executed
branch  1 never executed
        -:  968:	    if(DEBUG) {
        -:  969:	      printf("No estate cards in your hand, invalid choice\n");
        -:  970:	      printf("Must gain an estate if there are any\n");
        -:  971:	    }
    #####:  972:	    if (supplyCount(estate, state) > 0){
call    0 never executed
branch  1 never executed
branch  2 never executed
    #####:  973:	      gainCard(estate, state, 0, currentPlayer);
call    0 never executed
    #####:  974:	      state->supplyCount[estate]--;//Decrement estates
    #####:  975:	      if (supplyCount(estate, state) == 0){
call    0 never executed
branch  1 never executed
branch  2 never executed
    #####:  976:		isGameOver(state);
call    0 never executed
        -:  977:	      }
        -:  978:	    }
    #####:  979:	    card_not_discarded = 0;//Exit the loop
        -:  980:	  }
        -:  981:			    
        -:  982:	  else{
    #####:  983:	    p++;//Next card
        -:  984:	  }
        -:  985:	}
        -:  986:      }
        -:  987:			    
        -:  988:      else{
    #####:  989:	if (supplyCount(estate, state) > 0){
call    0 never executed
branch  1 never executed
branch  2 never executed
    #####:  990:	  gainCard(estate, state, 0, currentPlayer);//Gain an estate
call    0 never executed
    #####:  991:	  state->supplyCount[estate]--;//Decrement Estates
    #####:  992:	  if (supplyCount(estate, state) == 0){
call    0 never executed
branch  1 never executed
branch  2 never executed
    #####:  993:	    isGameOver(state);
call    0 never executed
        -:  994:	  }
        -:  995:	}
        -:  996:      }
        -:  997:	    
        -:  998:      
    #####:  999:      return 0;
        -: 1000:		
        -: 1001:    case great_hall:
    #####: 1002:        return cardEffect_great_hall(state, currentPlayer, handPos);
call    0 never executed
        -: 1003:		
        -: 1004:    case minion:
        -: 1005:      //+1 action
    #####: 1006:      state->numActions++;
        -: 1007:			
        -: 1008:      //discard card from hand
    #####: 1009:      discardCard(handPos, currentPlayer, state, 0);
call    0 never executed
        -: 1010:			
    #####: 1011:      if (choice1)		//+2 coins
branch  0 never executed
branch  1 never executed
        -: 1012:	{
    #####: 1013:	  state->coins = state->coins + 2;
        -: 1014:	}
        -: 1015:			
    #####: 1016:      else if (choice2)		//discard hand, redraw 4, other players with 5+ cards discard hand and draw 4
branch  0 never executed
branch  1 never executed
        -: 1017:	{
        -: 1018:	  //discard hand
    #####: 1019:	  while(numHandCards(state) > 0)
call    0 never executed
branch  1 never executed
branch  2 never executed
        -: 1020:	    {
    #####: 1021:	      discardCard(handPos, currentPlayer, state, 0);
call    0 never executed
        -: 1022:	    }
        -: 1023:				
        -: 1024:	  //draw 4
    #####: 1025:	  for (i = 0; i < 4; i++)
branch  0 never executed
branch  1 never executed
        -: 1026:	    {
    #####: 1027:	      drawCard(currentPlayer, state);
call    0 never executed
        -: 1028:	    }
        -: 1029:				
        -: 1030:	  //other players discard hand and redraw if hand size > 4
    #####: 1031:	  for (i = 0; i < state->numPlayers; i++)
branch  0 never executed
branch  1 never executed
        -: 1032:	    {
    #####: 1033:	      if (i != currentPlayer)
branch  0 never executed
branch  1 never executed
        -: 1034:		{
    #####: 1035:		  if ( state->handCount[i] > 4 )
branch  0 never executed
branch  1 never executed
        -: 1036:		    {
        -: 1037:		      //discard hand
    #####: 1038:		      while( state->handCount[i] > 0 )
branch  0 never executed
branch  1 never executed
        -: 1039:			{
    #####: 1040:			  discardCard(handPos, i, state, 0);
call    0 never executed
        -: 1041:			}
        -: 1042:							
        -: 1043:		      //draw 4
    #####: 1044:		      for (j = 0; j < 4; j++)
branch  0 never executed
branch  1 never executed
        -: 1045:			{
    #####: 1046:			  drawCard(i, state);
call    0 never executed
        -: 1047:			}
        -: 1048:		    }
        -: 1049:		}
        -: 1050:	    }
        -: 1051:				
        -: 1052:	}
    #####: 1053:      return 0;
        -: 1054:		
        -: 1055:    case steward:
    #####: 1056:      if (choice1 == 1)
branch  0 never executed
branch  1 never executed
        -: 1057:	{
        -: 1058:	  //+2 cards
    #####: 1059:	  drawCard(currentPlayer, state);
call    0 never executed
    #####: 1060:	  drawCard(currentPlayer, state);
call    0 never executed
        -: 1061:	}
    #####: 1062:      else if (choice1 == 2)
branch  0 never executed
branch  1 never executed
        -: 1063:	{
        -: 1064:	  //+2 coins
    #####: 1065:	  state->coins = state->coins + 2;
        -: 1066:	}
        -: 1067:      else
        -: 1068:	{
        -: 1069:	  //trash 2 cards in hand
    #####: 1070:	  discardCard(choice2, currentPlayer, state, 1);
call    0 never executed
    #####: 1071:	  discardCard(choice3, currentPlayer, state, 1);
call    0 never executed
        -: 1072:	}
        -: 1073:			
        -: 1074:      //discard card from hand
    #####: 1075:      discardCard(handPos, currentPlayer, state, 0);
call    0 never executed
    #####: 1076:      return 0;
        -: 1077:		
        -: 1078:    case tribute:
    #####: 1079:      if ((state->discardCount[nextPlayer] + state->deckCount[nextPlayer]) <= 1){
branch  0 never executed
branch  1 never executed
    #####: 1080:	if (state->deckCount[nextPlayer] > 0){
branch  0 never executed
branch  1 never executed
    #####: 1081:	  tributeRevealedCards[0] = state->deck[nextPlayer][state->deckCount[nextPlayer]-1];
    #####: 1082:	  state->deckCount[nextPlayer]--;
        -: 1083:	}
    #####: 1084:	else if (state->discardCount[nextPlayer] > 0){
branch  0 never executed
branch  1 never executed
    #####: 1085:	  tributeRevealedCards[0] = state->discard[nextPlayer][state->discardCount[nextPlayer]-1];
    #####: 1086:	  state->discardCount[nextPlayer]--;
        -: 1087:	}
        -: 1088:	else{
        -: 1089:	  //No Card to Reveal
        -: 1090:	  if (DEBUG){
        -: 1091:	    printf("No cards to reveal\n");
        -: 1092:	  }
        -: 1093:	}
        -: 1094:      }
        -: 1095:	    
        -: 1096:      else{
    #####: 1097:	if (state->deckCount[nextPlayer] == 0){
branch  0 never executed
branch  1 never executed
    #####: 1098:	  for (i = 0; i < state->discardCount[nextPlayer]; i++){
branch  0 never executed
branch  1 never executed
    #####: 1099:	    state->deck[nextPlayer][i] = state->discard[nextPlayer][i];//Move to deck
    #####: 1100:	    state->deckCount[nextPlayer]++;
    #####: 1101:	    state->discard[nextPlayer][i] = -1;
    #####: 1102:	    state->discardCount[nextPlayer]--;
        -: 1103:	  }
        -: 1104:			    
    #####: 1105:	  shuffle(nextPlayer,state);//Shuffle the deck
call    0 never executed
        -: 1106:	} 
    #####: 1107:	tributeRevealedCards[0] = state->deck[nextPlayer][state->deckCount[nextPlayer]-1];
    #####: 1108:	state->deck[nextPlayer][state->deckCount[nextPlayer]--] = -1;
    #####: 1109:	state->deckCount[nextPlayer]--;
    #####: 1110:	tributeRevealedCards[1] = state->deck[nextPlayer][state->deckCount[nextPlayer]-1];
    #####: 1111:	state->deck[nextPlayer][state->deckCount[nextPlayer]--] = -1;
    #####: 1112:	state->deckCount[nextPlayer]--;
        -: 1113:      }    
        -: 1114:		       
    #####: 1115:      if (tributeRevealedCards[0] == tributeRevealedCards[1]){//If we have a duplicate card, just drop one 
branch  0 never executed
branch  1 never executed
    #####: 1116:	state->playedCards[state->playedCardCount] = tributeRevealedCards[1];
    #####: 1117:	state->playedCardCount++;
    #####: 1118:	tributeRevealedCards[1] = -1;
        -: 1119:      }
        -: 1120:
    #####: 1121:      for (i = 0; i <= 2; i ++){
branch  0 never executed
branch  1 never executed
    #####: 1122:	if (tributeRevealedCards[i] == copper || tributeRevealedCards[i] == silver || tributeRevealedCards[i] == gold){//Treasure cards
branch  0 never executed
branch  1 never executed
branch  2 never executed
branch  3 never executed
branch  4 never executed
branch  5 never executed
    #####: 1123:	  state->coins += 2;
        -: 1124:	}
        -: 1125:		    
    #####: 1126:	else if (tributeRevealedCards[i] == estate || tributeRevealedCards[i] == duchy || tributeRevealedCards[i] == province || tributeRevealedCards[i] == gardens || tributeRevealedCards[i] == great_hall){//Victory Card Found
branch  0 never executed
branch  1 never executed
branch  2 never executed
branch  3 never executed
branch  4 never executed
branch  5 never executed
branch  6 never executed
branch  7 never executed
branch  8 never executed
branch  9 never executed
    #####: 1127:	  drawCard(currentPlayer, state);
call    0 never executed
    #####: 1128:	  drawCard(currentPlayer, state);
call    0 never executed
        -: 1129:	}
        -: 1130:	else{//Action Card
    #####: 1131:	  state->numActions = state->numActions + 2;
        -: 1132:	}
        -: 1133:      }
        -: 1134:	    
    #####: 1135:      return 0;
        -: 1136:		
        -: 1137:    case ambassador:
    #####: 1138:        return cardEffect_ambassador(state,currentPlayer,handPos,choice1,choice2);
call    0 never executed
        -: 1139:		
        -: 1140:    case cutpurse:
        -: 1141:
    #####: 1142:      updateCoins(currentPlayer, state, 2);
call    0 never executed
    #####: 1143:      for (i = 0; i < state->numPlayers; i++)
branch  0 never executed
branch  1 never executed
        -: 1144:	{
    #####: 1145:	  if (i != currentPlayer)
branch  0 never executed
branch  1 never executed
        -: 1146:	    {
    #####: 1147:	      for (j = 0; j < state->handCount[i]; j++)
branch  0 never executed
branch  1 never executed
        -: 1148:		{
    #####: 1149:		  if (state->hand[i][j] == copper)
branch  0 never executed
branch  1 never executed
        -: 1150:		    {
    #####: 1151:		      discardCard(j, i, state, 0);
call    0 never executed
    #####: 1152:		      break;
        -: 1153:		    }
    #####: 1154:		  if (j == state->handCount[i])
branch  0 never executed
branch  1 never executed
        -: 1155:		    {
    #####: 1156:		      for (k = 0; k < state->handCount[i]; k++)
branch  0 never executed
branch  1 never executed
        -: 1157:			{
        -: 1158:			  if (DEBUG)
        -: 1159:			    printf("Player %d reveals card number %d\n", i, state->hand[i][k]);
        -: 1160:			}	
    #####: 1161:		      break;
        -: 1162:		    }		
        -: 1163:		}
        -: 1164:					
        -: 1165:	    }
        -: 1166:				
        -: 1167:	}				
        -: 1168:
        -: 1169:      //discard played card from hand
    #####: 1170:      discardCard(handPos, currentPlayer, state, 0);			
call    0 never executed
        -: 1171:
    #####: 1172:      return 0;
        -: 1173:
        -: 1174:		
        -: 1175:    case embargo: 
        -: 1176:      //+2 Coins
    #####: 1177:      state->coins = state->coins + 2;
        -: 1178:			
        -: 1179:      //see if selected pile is in play
    #####: 1180:      if ( state->supplyCount[choice1] == -1 )
branch  0 never executed
branch  1 never executed
        -: 1181:	{
    #####: 1182:	  return -1;
        -: 1183:	}
        -: 1184:			
        -: 1185:      //add embargo token to selected supply pile
    #####: 1186:      state->embargoTokens[choice1]++;
        -: 1187:			
        -: 1188:      //trash card
    #####: 1189:      discardCard(handPos, currentPlayer, state, 1);		
call    0 never executed
    #####: 1190:      return 0;
        -: 1191:		
        -: 1192:    case outpost:
    #####: 1193:        return cardEffect_outpost(state, currentPlayer, handPos);
call    0 never executed
        -: 1194:		
        -: 1195:    case salvager:
        -: 1196:      //+1 buy
    #####: 1197:      state->numBuys++;
        -: 1198:			
    #####: 1199:      if (choice1)
branch  0 never executed
branch  1 never executed
        -: 1200:	{
        -: 1201:	  //gain coins equal to trashed card
    #####: 1202:	  state->coins = state->coins + getCost( handCard(choice1, state) );
call    0 never executed
call    1 never executed
        -: 1203:	  //trash card
    #####: 1204:	  discardCard(choice1, currentPlayer, state, 1);	
call    0 never executed
        -: 1205:	}
        -: 1206:			
        -: 1207:      //discard card
    #####: 1208:      discardCard(handPos, currentPlayer, state, 0);
call    0 never executed
    #####: 1209:      return 0;
        -: 1210:		
        -: 1211:    case sea_hag:
    #####: 1212:      for (i = 0; i < state->numPlayers; i++){
branch  0 never executed
branch  1 never executed
    #####: 1213:	if (i != currentPlayer){
branch  0 never executed
branch  1 never executed
    #####: 1214:	  state->discard[i][state->discardCount[i]] = state->deck[i][state->deckCount[i]--];			    state->deckCount[i]--;
    #####: 1215:	  state->discardCount[i]++;
    #####: 1216:	  state->deck[i][state->deckCount[i]--] = curse;//Top card now a curse
        -: 1217:	}
        -: 1218:      }
    #####: 1219:      return 0;
        -: 1220:		
        -: 1221:    case treasure_map:
        -: 1222:      //search hand for another treasure_map
    #####: 1223:      index = -1;
    #####: 1224:      for (i = 0; i < state->handCount[currentPlayer]; i++)
branch  0 never executed
branch  1 never executed
        -: 1225:	{
    #####: 1226:	  if (state->hand[currentPlayer][i] == treasure_map && i != handPos)
branch  0 never executed
branch  1 never executed
branch  2 never executed
branch  3 never executed
        -: 1227:	    {
    #####: 1228:	      index = i;
    #####: 1229:	      break;
        -: 1230:	    }
        -: 1231:	}
    #####: 1232:      if (index > -1)
branch  0 never executed
branch  1 never executed
        -: 1233:	{
        -: 1234:	  //trash both treasure cards
    #####: 1235:	  discardCard(handPos, currentPlayer, state, 1);
call    0 never executed
    #####: 1236:	  discardCard(index, currentPlayer, state, 1);
call    0 never executed
        -: 1237:
        -: 1238:	  //gain 4 Gold cards
    #####: 1239:	  for (i = 0; i < 4; i++)
branch  0 never executed
branch  1 never executed
        -: 1240:	    {
    #####: 1241:	      gainCard(gold, state, 1, currentPlayer);
call    0 never executed
        -: 1242:	    }
        -: 1243:				
        -: 1244:	  //return success
    #####: 1245:	  return 1;
        -: 1246:	}
        -: 1247:			
        -: 1248:      //no second treasure_map found in hand
    #####: 1249:      return -1;
        -: 1250:    }
        -: 1251:	
    #####: 1252:  return -1;
        -: 1253:}
        -: 1254:
function discardCard called 50000 returned 100% blocks executed 78%
    50000: 1255:int discardCard(int handPos, int currentPlayer, struct gameState *state, int trashFlag)
        -: 1256:{
        -: 1257:	
        -: 1258:  //if card is not trashed, added to Played pile 
    50000: 1259:  if (trashFlag < 1)
branch  0 taken 100% (fallthrough)
branch  1 taken 0%
        -: 1260:    {
        -: 1261:      //add card to played pile
    50000: 1262:      state->playedCards[state->playedCardCount] = state->hand[currentPlayer][handPos]; 
    50000: 1263:      state->playedCardCount++;
        -: 1264:    }
        -: 1265:	
        -: 1266:  //set played card to -1
    50000: 1267:  state->hand[currentPlayer][handPos] = -1;
        -: 1268:	
        -: 1269:  //remove card from player's hand
    50000: 1270:  if ( handPos == (state->handCount[currentPlayer] - 1) ) 	//last card in hand array is played
branch  0 taken 0% (fallthrough)
branch  1 taken 100%
        -: 1271:    {
        -: 1272:      //reduce number of cards in hand
    #####: 1273:      state->handCount[currentPlayer]--;
        -: 1274:    }
    50000: 1275:  else if ( state->handCount[currentPlayer] == 1 ) //only one card in hand
branch  0 taken 0% (fallthrough)
branch  1 taken 100%
        -: 1276:    {
        -: 1277:      //reduce number of cards in hand
    #####: 1278:      state->handCount[currentPlayer]--;
        -: 1279:    }
        -: 1280:  else 	
        -: 1281:    {
        -: 1282:      //replace discarded card with last card in hand
    50000: 1283:      state->hand[currentPlayer][handPos] = state->hand[currentPlayer][ (state->handCount[currentPlayer] - 1)];
        -: 1284:      //set last card to -1
    50000: 1285:      state->hand[currentPlayer][state->handCount[currentPlayer] - 1] = -1;
        -: 1286:      //reduce number of cards in hand
    50000: 1287:      state->handCount[currentPlayer]--;
        -: 1288:    }
        -: 1289:	
    50000: 1290:  return 0;
        -: 1291:}
        -: 1292:
function gainCard called 0 returned 0% blocks executed 0%
    #####: 1293:int gainCard(int supplyPos, struct gameState *state, int toFlag, int player)
        -: 1294:{
        -: 1295:  //Note: supplyPos is enum of choosen card
        -: 1296:	
        -: 1297:  //check if supply pile is empty (0) or card is not used in game (-1)
    #####: 1298:  if ( supplyCount(supplyPos, state) < 1 )
call    0 never executed
branch  1 never executed
branch  2 never executed
        -: 1299:    {
    #####: 1300:      return -1;
        -: 1301:    }
        -: 1302:	
        -: 1303:  //added card for [whoseTurn] current player:
        -: 1304:  // toFlag = 0 : add to discard
        -: 1305:  // toFlag = 1 : add to deck
        -: 1306:  // toFlag = 2 : add to hand
        -: 1307:
    #####: 1308:  if (toFlag == 1)
branch  0 never executed
branch  1 never executed
        -: 1309:    {
    #####: 1310:      state->deck[ player ][ state->deckCount[player] ] = supplyPos;
    #####: 1311:      state->deckCount[player]++;
        -: 1312:    }
    #####: 1313:  else if (toFlag == 2)
branch  0 never executed
branch  1 never executed
        -: 1314:    {
    #####: 1315:      state->hand[ player ][ state->handCount[player] ] = supplyPos;
    #####: 1316:      state->handCount[player]++;
        -: 1317:    }
        -: 1318:  else
        -: 1319:    {
    #####: 1320:      state->discard[player][ state->discardCount[player] ] = supplyPos;
    #####: 1321:      state->discardCount[player]++;
        -: 1322:    }
        -: 1323:	
        -: 1324:  //decrease number in supply pile
    #####: 1325:  state->supplyCount[supplyPos]--;
        -: 1326:	 
    #####: 1327:  return 0;
        -: 1328:}
        -: 1329:
function updateCoins called 0 returned 0% blocks executed 0%
    #####: 1330:int updateCoins(int player, struct gameState *state, int bonus)
        -: 1331:{
        -: 1332:  int i;
        -: 1333:	
        -: 1334:  //reset coin count
    #####: 1335:  state->coins = 0;
        -: 1336:
        -: 1337:  //add coins for each Treasure card in player's hand
    #####: 1338:  for (i = 0; i < state->handCount[player]; i++)
branch  0 never executed
branch  1 never executed
        -: 1339:    {
    #####: 1340:      if (state->hand[player][i] == copper)
branch  0 never executed
branch  1 never executed
        -: 1341:	{
    #####: 1342:	  state->coins += 1;
        -: 1343:	}
    #####: 1344:      else if (state->hand[player][i] == silver)
branch  0 never executed
branch  1 never executed
        -: 1345:	{
    #####: 1346:	  state->coins += 2;
        -: 1347:	}
    #####: 1348:      else if (state->hand[player][i] == gold)
branch  0 never executed
branch  1 never executed
        -: 1349:	{
    #####: 1350:	  state->coins += 3;
        -: 1351:	}	
        -: 1352:    }	
        -: 1353:
        -: 1354:  //add bonus
    #####: 1355:  state->coins += bonus;
        -: 1356:
    #####: 1357:  return 0;
        -: 1358:}
        -: 1359:
        -: 1360:
        -: 1361://end of dominion.c
        -: 1362:
