        -:    0:Source:dominion.c
        -:    0:Graph:dominion.gcno
        -:    0:Data:dominion.gcda
        -:    0:Runs:19
        -:    0:Programs:19
        -:    1:#include "dominion.h"
        -:    2:#include "dominion_helpers.h"
        -:    3:#include "rngs.h"
        -:    4://#include "cards.h"
        -:    5:#include <stdio.h>
        -:    6:#include <math.h>
        -:    7:#include <stdlib.h>
        -:    8:
function compare called 57000 returned 100% blocks executed 83%
    57000:    9:int compare(const void* a, const void* b) {
    57000:   10:  if (*(int*)a > *(int*)b)
branch  0 taken 0% (fallthrough)
branch  1 taken 100%
    #####:   11:    return 1;
    57000:   12:  if (*(int*)a < *(int*)b)
branch  0 taken 27% (fallthrough)
branch  1 taken 73%
    15200:   13:    return -1;
    41800:   14:  return 0;
        -:   15:}
        -:   16:
function newGame called 0 returned 0% blocks executed 0%
    #####:   17:struct gameState* newGame() {
    #####:   18:  struct gameState* g = malloc(sizeof(struct gameState));
    #####:   19:  return g;
        -:   20:}
        -:   21:
function kingdomCards called 0 returned 0% blocks executed 0%
    #####:   22:int* kingdomCards(int k1, int k2, int k3, int k4, int k5, int k6, int k7,
        -:   23:		  int k8, int k9, int k10) {
    #####:   24:  int* k = malloc(10 * sizeof(int));
    #####:   25:  k[0] = k1;
    #####:   26:  k[1] = k2;
    #####:   27:  k[2] = k3;
    #####:   28:  k[3] = k4;
    #####:   29:  k[4] = k5;
    #####:   30:  k[5] = k6;
    #####:   31:  k[6] = k7;
    #####:   32:  k[7] = k8;
    #####:   33:  k[8] = k9;
    #####:   34:  k[9] = k10;
    #####:   35:  return k;
        -:   36:}
        -:   37:
function initializeGame called 1900 returned 100% blocks executed 88%
     1900:   38:int initializeGame(int numPlayers, int kingdomCards[10], int randomSeed,
        -:   39:		   struct gameState *state) {
        -:   40:
        -:   41:  int i;
        -:   42:  int j;
        -:   43:  int it;			
        -:   44:  //set up random number generator
     1900:   45:  SelectStream(1);
call    0 returned 100%
     1900:   46:  PutSeed((long)randomSeed);
call    0 returned 100%
        -:   47:  
        -:   48:  //check number of players
     1900:   49:  if (numPlayers > MAX_PLAYERS || numPlayers < 2)
branch  0 taken 100% (fallthrough)
branch  1 taken 0%
branch  2 taken 0% (fallthrough)
branch  3 taken 100%
        -:   50:    {
    #####:   51:      return -1;
        -:   52:    }
        -:   53:
        -:   54:  //set number of players
     1900:   55:  state->numPlayers = numPlayers;
        -:   56:
        -:   57:  //check selected kingdom cards are different
    20900:   58:  for (i = 0; i < 10; i++)
branch  0 taken 91%
branch  1 taken 9% (fallthrough)
        -:   59:    {
   209000:   60:      for (j = 0; j < 10; j++)
branch  0 taken 91%
branch  1 taken 9% (fallthrough)
        -:   61:        {
   190000:   62:	  if (j != i && kingdomCards[j] == kingdomCards[i])
branch  0 taken 90% (fallthrough)
branch  1 taken 10%
branch  2 taken 0% (fallthrough)
branch  3 taken 100%
        -:   63:	    {
    #####:   64:	      return -1;
        -:   65:	    }
        -:   66:        }
        -:   67:    }
        -:   68:
        -:   69:
        -:   70:  //initialize supply
        -:   71:  ///////////////////////////////
        -:   72:
        -:   73:  //set number of Curse cards
     1900:   74:  if (numPlayers == 2)
branch  0 taken 100% (fallthrough)
branch  1 taken 0%
        -:   75:    {
     1900:   76:      state->supplyCount[curse] = 10;
        -:   77:    }
    #####:   78:  else if (numPlayers == 3)
branch  0 never executed
branch  1 never executed
        -:   79:    {
    #####:   80:      state->supplyCount[curse] = 20;
        -:   81:    }
        -:   82:  else
        -:   83:    {
    #####:   84:      state->supplyCount[curse] = 30;
        -:   85:    }
        -:   86:
        -:   87:  //set number of Victory cards
     1900:   88:  if (numPlayers == 2)
branch  0 taken 100% (fallthrough)
branch  1 taken 0%
        -:   89:    {
     1900:   90:      state->supplyCount[estate] = 8;
     1900:   91:      state->supplyCount[duchy] = 8;
     1900:   92:      state->supplyCount[province] = 8;
        -:   93:    }
        -:   94:  else
        -:   95:    {
    #####:   96:      state->supplyCount[estate] = 12;
    #####:   97:      state->supplyCount[duchy] = 12;
    #####:   98:      state->supplyCount[province] = 12;
        -:   99:    }
        -:  100:
        -:  101:  //set number of Treasure cards
     1900:  102:  state->supplyCount[copper] = 60 - (7 * numPlayers);
     1900:  103:  state->supplyCount[silver] = 40;
     1900:  104:  state->supplyCount[gold] = 30;
        -:  105:
        -:  106:  //set number of Kingdom cards
    39900:  107:  for (i = adventurer; i <= treasure_map; i++)       	//loop all cards
branch  0 taken 95%
branch  1 taken 5% (fallthrough)
        -:  108:    {
   313500:  109:      for (j = 0; j < 10; j++)           		//loop chosen cards
branch  0 taken 94%
branch  1 taken 6% (fallthrough)
        -:  110:	{
   294500:  111:	  if (kingdomCards[j] == i)
branch  0 taken 6% (fallthrough)
branch  1 taken 94%
        -:  112:	    {
        -:  113:	      //check if card is a 'Victory' Kingdom card
    19000:  114:	      if (kingdomCards[j] == great_hall || kingdomCards[j] == gardens)
branch  0 taken 90% (fallthrough)
branch  1 taken 10%
branch  2 taken 11% (fallthrough)
branch  3 taken 89%
        -:  115:		{
     7600:  116:		  if (numPlayers == 2){ 
branch  0 taken 100% (fallthrough)
branch  1 taken 0%
     3800:  117:		    state->supplyCount[i] = 8; 
        -:  118:		  }
    #####:  119:		  else{ state->supplyCount[i] = 12; }
        -:  120:		}
        -:  121:	      else
        -:  122:		{
    15200:  123:		  state->supplyCount[i] = 10;
        -:  124:		}
    19000:  125:	      break;
        -:  126:	    }
        -:  127:	  else    //card is not in the set choosen for the game
        -:  128:	    {
   275500:  129:	      state->supplyCount[i] = -1;
        -:  130:	    }
        -:  131:	}
        -:  132:
        -:  133:    }
        -:  134:
        -:  135:  ////////////////////////
        -:  136:  //supply intilization complete
        -:  137:
        -:  138:  //set player decks
     5700:  139:  for (i = 0; i < numPlayers; i++)
branch  0 taken 67%
branch  1 taken 33% (fallthrough)
        -:  140:    {
     3800:  141:      state->deckCount[i] = 0;
    15200:  142:      for (j = 0; j < 3; j++)
branch  0 taken 75%
branch  1 taken 25% (fallthrough)
        -:  143:	{
    11400:  144:	  state->deck[i][j] = estate;
    11400:  145:	  state->deckCount[i]++;
        -:  146:	}
    30400:  147:      for (j = 3; j < 10; j++)
branch  0 taken 88%
branch  1 taken 13% (fallthrough)
        -:  148:	{
    26600:  149:	  state->deck[i][j] = copper;
    26600:  150:	  state->deckCount[i]++;		
        -:  151:	}
        -:  152:    }
        -:  153:
        -:  154:  //shuffle player decks
     5700:  155:  for (i = 0; i < numPlayers; i++)
branch  0 taken 67%
branch  1 taken 33% (fallthrough)
        -:  156:    {
     3800:  157:      if ( shuffle(i, state) < 0 )
call    0 returned 100%
branch  1 taken 0% (fallthrough)
branch  2 taken 100%
        -:  158:	{
    #####:  159:	  return -1;
        -:  160:	}
        -:  161:    }
        -:  162:
        -:  163:  //draw player hands
     5700:  164:  for (i = 0; i < numPlayers; i++)
branch  0 taken 67%
branch  1 taken 33% (fallthrough)
        -:  165:    {  
        -:  166:      //initialize hand size to zero
     3800:  167:      state->handCount[i] = 0;
     3800:  168:      state->discardCount[i] = 0;
        -:  169:      //draw 5 cards
        -:  170:      // for (j = 0; j < 5; j++)
        -:  171:      //	{
        -:  172:      //	  drawCard(i, state);
        -:  173:      //	}
        -:  174:    }
        -:  175:  
        -:  176:  //set embargo tokens to 0 for all supply piles
    53200:  177:  for (i = 0; i <= treasure_map; i++)
branch  0 taken 96%
branch  1 taken 4% (fallthrough)
        -:  178:    {
    51300:  179:      state->embargoTokens[i] = 0;
        -:  180:    }
        -:  181:
        -:  182:  //initialize first player's turn
     1900:  183:  state->outpostPlayed = 0;
     1900:  184:  state->phase = 0;
     1900:  185:  state->numActions = 1;
     1900:  186:  state->numBuys = 1;
     1900:  187:  state->playedCardCount = 0;
     1900:  188:  state->whoseTurn = 0;
     1900:  189:  state->handCount[state->whoseTurn] = 0;
        -:  190:  //int it; move to top
        -:  191:
        -:  192:  //Moved draw cards to here, only drawing at the start of a turn
    11400:  193:  for (it = 0; it < 5; it++){
branch  0 taken 83%
branch  1 taken 17% (fallthrough)
     9500:  194:    drawCard(state->whoseTurn, state);
call    0 returned 100%
        -:  195:  }
        -:  196:
     1900:  197:  updateCoins(state->whoseTurn, state, 0);
call    0 returned 100%
        -:  198:
     1900:  199:  return 0;
        -:  200:}
        -:  201:
function shuffle called 3800 returned 100% blocks executed 94%
     3800:  202:int shuffle(int player, struct gameState *state) {
        -:  203: 
        -:  204:
        -:  205:  int newDeck[MAX_DECK];
     3800:  206:  int newDeckPos = 0;
        -:  207:  int card;
        -:  208:  int i;
        -:  209:
     3800:  210:  if (state->deckCount[player] < 1)
branch  0 taken 0% (fallthrough)
branch  1 taken 100%
    #####:  211:    return -1;
     3800:  212:  qsort ((void*)(state->deck[player]), state->deckCount[player], sizeof(int), compare); 
call    0 returned 100%
        -:  213:  /* SORT CARDS IN DECK TO ENSURE DETERMINISM! */
        -:  214:
    45600:  215:  while (state->deckCount[player] > 0) {
branch  0 taken 91%
branch  1 taken 9% (fallthrough)
    38000:  216:    card = floor(Random() * state->deckCount[player]);
call    0 returned 100%
    38000:  217:    newDeck[newDeckPos] = state->deck[player][card];
    38000:  218:    newDeckPos++;
   124165:  219:    for (i = card; i < state->deckCount[player]-1; i++) {
branch  0 taken 69%
branch  1 taken 31% (fallthrough)
    86165:  220:      state->deck[player][i] = state->deck[player][i+1];
        -:  221:    }
    38000:  222:    state->deckCount[player]--;
        -:  223:  }
    41800:  224:  for (i = 0; i < newDeckPos; i++) {
branch  0 taken 91%
branch  1 taken 9% (fallthrough)
    38000:  225:    state->deck[player][i] = newDeck[i];
    38000:  226:    state->deckCount[player]++;
        -:  227:  }
        -:  228:
     3800:  229:  return 0;
        -:  230:}
        -:  231:
function playCard called 0 returned 0% blocks executed 0%
    #####:  232:int playCard(int handPos, int choice1, int choice2, int choice3, struct gameState *state) 
        -:  233:{	
        -:  234:  int card;
    #####:  235:  int coin_bonus = 0; 		//tracks coins gain from actions
        -:  236:
        -:  237:  //check if it is the right phase
    #####:  238:  if (state->phase != 0)
branch  0 never executed
branch  1 never executed
        -:  239:    {
    #####:  240:      return -1;
        -:  241:    }
        -:  242:	
        -:  243:  //check if player has enough actions
    #####:  244:  if ( state->numActions < 1 )
branch  0 never executed
branch  1 never executed
        -:  245:    {
    #####:  246:      return -1;
        -:  247:    }
        -:  248:	
        -:  249:  //get card played
    #####:  250:  card = handCard(handPos, state);
call    0 never executed
        -:  251:	
        -:  252:  //check if selected card is an action
    #####:  253:  if ( card < adventurer || card > treasure_map )
branch  0 never executed
branch  1 never executed
branch  2 never executed
branch  3 never executed
        -:  254:    {
    #####:  255:      return -1;
        -:  256:    }
        -:  257:	
        -:  258:  //play card
    #####:  259:  if ( cardEffect(card, choice1, choice2, choice3, state, handPos, &coin_bonus) < 0 )
call    0 never executed
branch  1 never executed
branch  2 never executed
        -:  260:    {
    #####:  261:      return -1;
        -:  262:    }
        -:  263:	
        -:  264:  //reduce number of actions
    #####:  265:  state->numActions--;
        -:  266:
        -:  267:  //update coins (Treasure cards may be added with card draws)
    #####:  268:  updateCoins(state->whoseTurn, state, coin_bonus);
call    0 never executed
        -:  269:	
    #####:  270:  return 0;
        -:  271:}
        -:  272:
function buyCard called 0 returned 0% blocks executed 0%
    #####:  273:int buyCard(int supplyPos, struct gameState *state) {
        -:  274:  int who;
        -:  275:  if (DEBUG){
        -:  276:    printf("Entering buyCard...\n");
        -:  277:  }
        -:  278:
        -:  279:  // I don't know what to do about the phase thing.
        -:  280:
    #####:  281:  who = state->whoseTurn;
        -:  282:
    #####:  283:  if (state->numBuys < 1){
branch  0 never executed
branch  1 never executed
        -:  284:    if (DEBUG)
        -:  285:      printf("You do not have any buys left\n");
    #####:  286:    return -1;
    #####:  287:  } else if (supplyCount(supplyPos, state) <1){
call    0 never executed
branch  1 never executed
branch  2 never executed
        -:  288:    if (DEBUG)
        -:  289:      printf("There are not any of that type of card left\n");
    #####:  290:    return -1;
    #####:  291:  } else if (state->coins < getCost(supplyPos)){
call    0 never executed
branch  1 never executed
branch  2 never executed
        -:  292:    if (DEBUG) 
        -:  293:      printf("You do not have enough money to buy that. You have %d coins.\n", state->coins);
    #####:  294:    return -1;
        -:  295:  } else {
    #####:  296:    state->phase=1;
        -:  297:    //state->supplyCount[supplyPos]--;
    #####:  298:    gainCard(supplyPos, state, 0, who); //card goes in discard, this might be wrong.. (2 means goes into hand, 0 goes into discard)
call    0 never executed
        -:  299:  
    #####:  300:    state->coins = (state->coins) - (getCost(supplyPos));
call    0 never executed
    #####:  301:    state->numBuys--;
        -:  302:    if (DEBUG)
        -:  303:      printf("You bought card number %d for %d coins. You now have %d buys and %d coins.\n", supplyPos, getCost(supplyPos), state->numBuys, state->coins);
        -:  304:  }
        -:  305:
        -:  306:  //state->discard[who][state->discardCount[who]] = supplyPos;
        -:  307:  //state->discardCount[who]++;
        -:  308:    
    #####:  309:  return 0;
        -:  310:}
        -:  311:
function numHandCards called 0 returned 0% blocks executed 0%
    #####:  312:int numHandCards(struct gameState *state) {
    #####:  313:  return state->handCount[ whoseTurn(state) ];
call    0 never executed
        -:  314:}
        -:  315:
function handCard called 0 returned 0% blocks executed 0%
    #####:  316:int handCard(int handPos, struct gameState *state) {
    #####:  317:  int currentPlayer = whoseTurn(state);
call    0 never executed
    #####:  318:  return state->hand[currentPlayer][handPos];
        -:  319:}
        -:  320:
function supplyCount called 45692 returned 100% blocks executed 100%
    45692:  321:int supplyCount(int card, struct gameState *state) {
    45692:  322:  return state->supplyCount[card];
        -:  323:}
        -:  324:
function fullDeckCount called 0 returned 0% blocks executed 0%
    #####:  325:int fullDeckCount(int player, int card, struct gameState *state) {
        -:  326:  int i;
    #####:  327:  int count = 0;
        -:  328:
    #####:  329:  for (i = 0; i < state->deckCount[player]; i++)
branch  0 never executed
branch  1 never executed
        -:  330:    {
    #####:  331:      if (state->deck[player][i] == card) count++;
branch  0 never executed
branch  1 never executed
        -:  332:    }
        -:  333:
    #####:  334:  for (i = 0; i < state->handCount[player]; i++)
branch  0 never executed
branch  1 never executed
        -:  335:    {
    #####:  336:      if (state->hand[player][i] == card) count++;
branch  0 never executed
branch  1 never executed
        -:  337:    }
        -:  338:
    #####:  339:  for (i = 0; i < state->discardCount[player]; i++)
branch  0 never executed
branch  1 never executed
        -:  340:    {
    #####:  341:      if (state->discard[player][i] == card) count++;
branch  0 never executed
branch  1 never executed
        -:  342:    }
        -:  343:
    #####:  344:  return count;
        -:  345:}
        -:  346:
function whoseTurn called 0 returned 0% blocks executed 0%
    #####:  347:int whoseTurn(struct gameState *state) {
    #####:  348:  return state->whoseTurn;
        -:  349:}
        -:  350:
function endTurn called 0 returned 0% blocks executed 0%
    #####:  351:int endTurn(struct gameState *state) {
        -:  352:  int k;
        -:  353:  int i;
    #####:  354:  int currentPlayer = whoseTurn(state);
call    0 never executed
        -:  355:  
        -:  356:  //Discard hand
    #####:  357:  for (i = 0; i < state->handCount[currentPlayer]; i++){
branch  0 never executed
branch  1 never executed
    #####:  358:    state->discard[currentPlayer][state->discardCount[currentPlayer]++] = state->hand[currentPlayer][i];//Discard
    #####:  359:    state->hand[currentPlayer][i] = -1;//Set card to -1
        -:  360:  }
    #####:  361:  state->handCount[currentPlayer] = 0;//Reset hand count
        -:  362:    
        -:  363:  //Code for determining the player
    #####:  364:  if (currentPlayer < (state->numPlayers - 1)){ 
branch  0 never executed
branch  1 never executed
    #####:  365:    state->whoseTurn = currentPlayer + 1;//Still safe to increment
        -:  366:  }
        -:  367:  else{
    #####:  368:    state->whoseTurn = 0;//Max player has been reached, loop back around to player 1
        -:  369:  }
        -:  370:
    #####:  371:  state->outpostPlayed = 0;
    #####:  372:  state->phase = 0;
    #####:  373:  state->numActions = 1;
    #####:  374:  state->coins = 0;
    #####:  375:  state->numBuys = 1;
    #####:  376:  state->playedCardCount = 0;
    #####:  377:  state->handCount[state->whoseTurn] = 0;
        -:  378:
        -:  379:  //int k; move to top
        -:  380:  //Next player draws hand
    #####:  381:  for (k = 0; k < 5; k++){
branch  0 never executed
branch  1 never executed
    #####:  382:    drawCard(state->whoseTurn, state);//Draw a card
call    0 never executed
        -:  383:  }
        -:  384:
        -:  385:  //Update money
    #####:  386:  updateCoins(state->whoseTurn, state , 0);
call    0 never executed
        -:  387:
    #####:  388:  return 0;
        -:  389:}
        -:  390:
function isGameOver called 0 returned 0% blocks executed 0%
    #####:  391:int isGameOver(struct gameState *state) {
        -:  392:  int i;
        -:  393:  int j;
        -:  394:	
        -:  395:  //if stack of Province cards is empty, the game ends
    #####:  396:  if (state->supplyCount[province] == 0)
branch  0 never executed
branch  1 never executed
        -:  397:    {
    #####:  398:      return 1;
        -:  399:    }
        -:  400:
        -:  401:  //if three supply pile are at 0, the game ends
    #####:  402:  j = 0;
    #####:  403:  for (i = 0; i < 25; i++)
branch  0 never executed
branch  1 never executed
        -:  404:    {
    #####:  405:      if (state->supplyCount[i] == 0)
branch  0 never executed
branch  1 never executed
        -:  406:	{
    #####:  407:	  j++;
        -:  408:	}
        -:  409:    }
    #####:  410:  if ( j >= 3)
branch  0 never executed
branch  1 never executed
        -:  411:    {
    #####:  412:      return 1;
        -:  413:    }
        -:  414:
    #####:  415:  return 0;
        -:  416:}
        -:  417:
function scoreFor called 0 returned 0% blocks executed 0%
    #####:  418:int scoreFor (int player, struct gameState *state) {
        -:  419:
        -:  420:  int i;
    #####:  421:  int score = 0;
        -:  422:  //score from hand
    #####:  423:  for (i = 0; i < state->handCount[player]; i++)
branch  0 never executed
branch  1 never executed
        -:  424:    {
    #####:  425:      if (state->hand[player][i] == curse) { score = score - 1; };
branch  0 never executed
branch  1 never executed
    #####:  426:      if (state->hand[player][i] == estate) { score = score + 1; };
branch  0 never executed
branch  1 never executed
    #####:  427:      if (state->hand[player][i] == duchy) { score = score + 3; };
branch  0 never executed
branch  1 never executed
    #####:  428:      if (state->hand[player][i] == province) { score = score + 6; };
branch  0 never executed
branch  1 never executed
    #####:  429:      if (state->hand[player][i] == great_hall) { score = score + 1; };
branch  0 never executed
branch  1 never executed
    #####:  430:      if (state->hand[player][i] == gardens) { score = score + ( fullDeckCount(player, 0, state) / 10 ); };
branch  0 never executed
branch  1 never executed
call    2 never executed
        -:  431:    }
        -:  432:
        -:  433:  //score from discard
    #####:  434:  for (i = 0; i < state->discardCount[player]; i++)
branch  0 never executed
branch  1 never executed
        -:  435:    {
    #####:  436:      if (state->discard[player][i] == curse) { score = score - 1; };
branch  0 never executed
branch  1 never executed
    #####:  437:      if (state->discard[player][i] == estate) { score = score + 1; };
branch  0 never executed
branch  1 never executed
    #####:  438:      if (state->discard[player][i] == duchy) { score = score + 3; };
branch  0 never executed
branch  1 never executed
    #####:  439:      if (state->discard[player][i] == province) { score = score + 6; };
branch  0 never executed
branch  1 never executed
    #####:  440:      if (state->discard[player][i] == great_hall) { score = score + 1; };
branch  0 never executed
branch  1 never executed
    #####:  441:      if (state->discard[player][i] == gardens) { score = score + ( fullDeckCount(player, 0, state) / 10 ); };
branch  0 never executed
branch  1 never executed
call    2 never executed
        -:  442:    }
        -:  443:
        -:  444:  //score from deck
    #####:  445:  for (i = 0; i < state->discardCount[player]; i++)
branch  0 never executed
branch  1 never executed
        -:  446:    {
    #####:  447:      if (state->deck[player][i] == curse) { score = score - 1; };
branch  0 never executed
branch  1 never executed
    #####:  448:      if (state->deck[player][i] == estate) { score = score + 1; };
branch  0 never executed
branch  1 never executed
    #####:  449:      if (state->deck[player][i] == duchy) { score = score + 3; };
branch  0 never executed
branch  1 never executed
    #####:  450:      if (state->deck[player][i] == province) { score = score + 6; };
branch  0 never executed
branch  1 never executed
    #####:  451:      if (state->deck[player][i] == great_hall) { score = score + 1; };
branch  0 never executed
branch  1 never executed
    #####:  452:      if (state->deck[player][i] == gardens) { score = score + ( fullDeckCount(player, 0, state) / 10 ); };
branch  0 never executed
branch  1 never executed
call    2 never executed
        -:  453:    }
        -:  454:
    #####:  455:  return score;
        -:  456:}
        -:  457:
function getWinners called 0 returned 0% blocks executed 0%
    #####:  458:int getWinners(int players[MAX_PLAYERS], struct gameState *state) {
        -:  459:  int i;	
        -:  460:  int j;
        -:  461:  int highScore;
        -:  462:  int currentPlayer;
        -:  463:
        -:  464:  //get score for each player
    #####:  465:  for (i = 0; i < MAX_PLAYERS; i++)
branch  0 never executed
branch  1 never executed
        -:  466:    {
        -:  467:      //set unused player scores to -9999
    #####:  468:      if (i >= state->numPlayers)
branch  0 never executed
branch  1 never executed
        -:  469:	{
    #####:  470:	  players[i] = -9999;
        -:  471:	}
        -:  472:      else
        -:  473:	{
    #####:  474:	  players[i] = scoreFor (i, state);
call    0 never executed
        -:  475:	}
        -:  476:    }
        -:  477:
        -:  478:  //find highest score
    #####:  479:  j = 0;
    #####:  480:  for (i = 0; i < MAX_PLAYERS; i++)
branch  0 never executed
branch  1 never executed
        -:  481:    {
    #####:  482:      if (players[i] > players[j])
branch  0 never executed
branch  1 never executed
        -:  483:	{
    #####:  484:	  j = i;
        -:  485:	}
        -:  486:    }
    #####:  487:  highScore = players[j];
        -:  488:
        -:  489:  //add 1 to players who had less turns
    #####:  490:  currentPlayer = whoseTurn(state);
call    0 never executed
    #####:  491:  for (i = 0; i < MAX_PLAYERS; i++)
branch  0 never executed
branch  1 never executed
        -:  492:    {
    #####:  493:      if ( players[i] == highScore && i > currentPlayer )
branch  0 never executed
branch  1 never executed
branch  2 never executed
branch  3 never executed
        -:  494:	{
    #####:  495:	  players[i]++;
        -:  496:	}
        -:  497:    }
        -:  498:
        -:  499:  //find new highest score
    #####:  500:  j = 0;
    #####:  501:  for (i = 0; i < MAX_PLAYERS; i++)
branch  0 never executed
branch  1 never executed
        -:  502:    {
    #####:  503:      if ( players[i] > players[j] )
branch  0 never executed
branch  1 never executed
        -:  504:	{
    #####:  505:	  j = i;
        -:  506:	}
        -:  507:    }
    #####:  508:  highScore = players[j];
        -:  509:
        -:  510:  //set winners in array to 1 and rest to 0
    #####:  511:  for (i = 0; i < MAX_PLAYERS; i++)
branch  0 never executed
branch  1 never executed
        -:  512:    {
    #####:  513:      if ( players[i] == highScore )
branch  0 never executed
branch  1 never executed
        -:  514:	{
    #####:  515:	  players[i] = 1;
        -:  516:	}
        -:  517:      else
        -:  518:	{
    #####:  519:	  players[i] = 0;
        -:  520:	}
        -:  521:    }
        -:  522:
    #####:  523:  return 0;
        -:  524:}
        -:  525:
function drawCard called 13890 returned 100% blocks executed 38%
    13890:  526:int drawCard(int player, struct gameState *state)
        -:  527:{	int count;
        -:  528:  int deckCounter;
    13890:  529:  if (state->deckCount[player] <= 0){//Deck is empty
branch  0 taken 0% (fallthrough)
branch  1 taken 100%
        -:  530:    
        -:  531:    //Step 1 Shuffle the discard pile back into a deck
        -:  532:    int i;
        -:  533:    //Move discard to deck
    #####:  534:    for (i = 0; i < state->discardCount[player];i++){
branch  0 never executed
branch  1 never executed
    #####:  535:      state->deck[player][i] = state->discard[player][i];
    #####:  536:      state->discard[player][i] = -1;
        -:  537:    }
        -:  538:
    #####:  539:    state->deckCount[player] = state->discardCount[player];
    #####:  540:    state->discardCount[player] = 0;//Reset discard
        -:  541:
        -:  542:    //Shufffle the deck
    #####:  543:    shuffle(player, state);//Shuffle the deck up and make it so that we can draw
call    0 never executed
        -:  544:   
        -:  545:    if (DEBUG){//Debug statements
        -:  546:      printf("Deck count now: %d\n", state->deckCount[player]);
        -:  547:    }
        -:  548:    
    #####:  549:    state->discardCount[player] = 0;
        -:  550:
        -:  551:    //Step 2 Draw Card
    #####:  552:    count = state->handCount[player];//Get current player's hand count
        -:  553:    
        -:  554:    if (DEBUG){//Debug statements
        -:  555:      printf("Current hand count: %d\n", count);
        -:  556:    }
        -:  557:    
    #####:  558:    deckCounter = state->deckCount[player];//Create a holder for the deck count
        -:  559:
    #####:  560:    if (deckCounter == 0)
branch  0 never executed
branch  1 never executed
    #####:  561:      return -1;
        -:  562:
    #####:  563:    state->hand[player][count] = state->deck[player][deckCounter - 1];//Add card to hand
    #####:  564:    state->deckCount[player]--;
    #####:  565:    state->handCount[player]++;//Increment hand count
        -:  566:  }
        -:  567:
        -:  568:  else{
    13890:  569:    int count = state->handCount[player];//Get current hand count for player
        -:  570:    int deckCounter;
        -:  571:    if (DEBUG){//Debug statements
        -:  572:      printf("Current hand count: %d\n", count);
        -:  573:    }
        -:  574:
    13890:  575:    deckCounter = state->deckCount[player];//Create holder for the deck count
    13890:  576:    state->hand[player][count] = state->deck[player][deckCounter - 1];//Add card to the hand
    13890:  577:    state->deckCount[player]--;
    13890:  578:    state->handCount[player]++;//Increment hand count
        -:  579:  }
        -:  580:
    13890:  581:  return 0;
        -:  582:}
        -:  583:
function getCost called 0 returned 0% blocks executed 0%
    #####:  584:int getCost(int cardNumber)
        -:  585:{
    #####:  586:  switch( cardNumber ) 
branch  0 never executed
branch  1 never executed
branch  2 never executed
branch  3 never executed
branch  4 never executed
branch  5 never executed
branch  6 never executed
branch  7 never executed
branch  8 never executed
branch  9 never executed
branch 10 never executed
branch 11 never executed
branch 12 never executed
branch 13 never executed
branch 14 never executed
branch 15 never executed
branch 16 never executed
branch 17 never executed
branch 18 never executed
branch 19 never executed
branch 20 never executed
branch 21 never executed
branch 22 never executed
branch 23 never executed
branch 24 never executed
branch 25 never executed
branch 26 never executed
branch 27 never executed
        -:  587:    {
        -:  588:    case curse:
    #####:  589:      return 0;
        -:  590:    case estate:
    #####:  591:      return 2;
        -:  592:    case duchy:
    #####:  593:      return 5;
        -:  594:    case province:
    #####:  595:      return 8;
        -:  596:    case copper:
    #####:  597:      return 0;
        -:  598:    case silver:
    #####:  599:      return 3;
        -:  600:    case gold:
    #####:  601:      return 6;
        -:  602:    case adventurer:
    #####:  603:      return 6;
        -:  604:    case council_room:
    #####:  605:      return 5;
        -:  606:    case feast:
    #####:  607:      return 4;
        -:  608:    case gardens:
    #####:  609:      return 4;
        -:  610:    case mine:
    #####:  611:      return 5;
        -:  612:    case remodel:
    #####:  613:      return 4;
        -:  614:    case smithy:
    #####:  615:      return 4;
        -:  616:    case village:
    #####:  617:      return 3;
        -:  618:    case baron:
    #####:  619:      return 4;
        -:  620:    case great_hall:
    #####:  621:      return 3;
        -:  622:    case minion:
    #####:  623:      return 5;
        -:  624:    case steward:
    #####:  625:      return 3;
        -:  626:    case tribute:
    #####:  627:      return 5;
        -:  628:    case ambassador:
    #####:  629:      return 3;
        -:  630:    case cutpurse:
    #####:  631:      return 4;
        -:  632:    case embargo: 
    #####:  633:      return 2;
        -:  634:    case outpost:
    #####:  635:      return 5;
        -:  636:    case salvager:
    #####:  637:      return 4;
        -:  638:    case sea_hag:
    #####:  639:      return 4;
        -:  640:    case treasure_map:
    #####:  641:      return 4;
        -:  642:    }
        -:  643:	
    #####:  644:  return -1;
        -:  645:}
        -:  646:
function cardEffect called 0 returned 0% blocks executed 0%
    #####:  647:int cardEffect(int card, int choice1, int choice2, int choice3, struct gameState *state, int handPos, int *bonus)
        -:  648:{
        -:  649:  int i;
        -:  650:  int j;
        -:  651:  int k;
        -:  652:  int x;
        -:  653:  int index;
    #####:  654:  int currentPlayer = whoseTurn(state);
call    0 never executed
    #####:  655:  int nextPlayer = currentPlayer + 1;
        -:  656:
    #####:  657:  int tributeRevealedCards[2] = {-1, -1};
        -:  658:  int temphand[MAX_HAND];// moved above the if statement
    #####:  659:  int drawntreasure=0;
        -:  660:  int cardDrawn;
    #####:  661:  int z = 0;// this is the counter for the temp hand
    #####:  662:  if (nextPlayer > (state->numPlayers - 1)){
branch  0 never executed
branch  1 never executed
    #####:  663:    nextPlayer = 0;
        -:  664:  }
        -:  665:  
        -:  666:	
        -:  667:  //uses switch to select card and perform actions
    #####:  668:  switch( card ) 
branch  0 never executed
branch  1 never executed
branch  2 never executed
branch  3 never executed
branch  4 never executed
branch  5 never executed
branch  6 never executed
branch  7 never executed
branch  8 never executed
branch  9 never executed
branch 10 never executed
branch 11 never executed
branch 12 never executed
branch 13 never executed
branch 14 never executed
branch 15 never executed
branch 16 never executed
branch 17 never executed
branch 18 never executed
branch 19 never executed
branch 20 never executed
        -:  669:    {
        -:  670:    case adventurer:
    #####:  671:		return card_adventurer(state, currentPlayer);
call    0 never executed
        -:  672:			
        -:  673:    case council_room:
        -:  674:      //+4 Cards
    #####:  675:      for (i = 0; i < 4; i++)
branch  0 never executed
branch  1 never executed
        -:  676:	{
    #####:  677:	  drawCard(currentPlayer, state);
call    0 never executed
        -:  678:	}
        -:  679:			
        -:  680:      //+1 Buy
    #####:  681:      state->numBuys++;
        -:  682:			
        -:  683:      //Each other player draws a card
    #####:  684:      for (i = 0; i < state->numPlayers; i++)
branch  0 never executed
branch  1 never executed
        -:  685:	{
    #####:  686:	  if ( i != currentPlayer )
branch  0 never executed
branch  1 never executed
        -:  687:	    {
    #####:  688:	      drawCard(i, state);
call    0 never executed
        -:  689:	    }
        -:  690:	}
        -:  691:			
        -:  692:      //put played card in played card pile
    #####:  693:      discardCard(handPos, currentPlayer, state, 0);
call    0 never executed
        -:  694:			
    #####:  695:      return 0;
        -:  696:			
        -:  697:    case feast:
        -:  698:      //gain card with cost up to 5
        -:  699:      //Backup hand
    #####:  700:      for (i = 0; i <= state->handCount[currentPlayer]; i++){
branch  0 never executed
branch  1 never executed
    #####:  701:	temphand[i] = state->hand[currentPlayer][i];//Backup card
    #####:  702:	state->hand[currentPlayer][i] = -1;//Set to nothing
        -:  703:      }
        -:  704:      //Backup hand
        -:  705:
        -:  706:      //Update Coins for Buy
    #####:  707:      updateCoins(currentPlayer, state, 5);
call    0 never executed
    #####:  708:      x = 1;//Condition to loop on
    #####:  709:      while( x == 1) {//Buy one card
branch  0 never executed
branch  1 never executed
    #####:  710:	if (supplyCount(choice1, state) <= 0){
call    0 never executed
branch  1 never executed
branch  2 never executed
        -:  711:	  if (DEBUG)
        -:  712:	    printf("None of that card left, sorry!\n");
        -:  713:
        -:  714:	  if (DEBUG){
        -:  715:	    printf("Cards Left: %d\n", supplyCount(choice1, state));
        -:  716:	  }
        -:  717:	}
    #####:  718:	else if (state->coins < getCost(choice1)){
call    0 never executed
branch  1 never executed
branch  2 never executed
    #####:  719:	  printf("That card is too expensive!\n");
call    0 never executed
        -:  720:
        -:  721:	  if (DEBUG){
        -:  722:	    printf("Coins: %d < %d\n", state->coins, getCost(choice1));
        -:  723:	  }
        -:  724:	}
        -:  725:	else{
        -:  726:
        -:  727:	  if (DEBUG){
        -:  728:	    printf("Deck Count: %d\n", state->handCount[currentPlayer] + state->deckCount[currentPlayer] + state->discardCount[currentPlayer]);
        -:  729:	  }
        -:  730:
    #####:  731:	  gainCard(choice1, state, 0, currentPlayer);//Gain the card
call    0 never executed
    #####:  732:	  x = 0;//No more buying cards
        -:  733:
        -:  734:	  if (DEBUG){
        -:  735:	    printf("Deck Count: %d\n", state->handCount[currentPlayer] + state->deckCount[currentPlayer] + state->discardCount[currentPlayer]);
        -:  736:	  }
        -:  737:
        -:  738:	}
        -:  739:      }     
        -:  740:
        -:  741:      //Reset Hand
    #####:  742:      for (i = 0; i <= state->handCount[currentPlayer]; i++){
branch  0 never executed
branch  1 never executed
    #####:  743:	state->hand[currentPlayer][i] = temphand[i];
    #####:  744:	temphand[i] = -1;
        -:  745:      }
        -:  746:      //Reset Hand
        -:  747:      			
    #####:  748:      return 0;
        -:  749:			
        -:  750:    case gardens:
    #####:  751:      return -1;
        -:  752:			
        -:  753:    case mine:
    #####:  754:      j = state->hand[currentPlayer][choice1];  //store card we will trash
        -:  755:
    #####:  756:      if (state->hand[currentPlayer][choice1] < copper || state->hand[currentPlayer][choice1] > gold)
branch  0 never executed
branch  1 never executed
branch  2 never executed
branch  3 never executed
        -:  757:	{
    #####:  758:	  return -1;
        -:  759:	}
        -:  760:		
    #####:  761:      if (choice2 > treasure_map || choice2 < curse)
branch  0 never executed
branch  1 never executed
branch  2 never executed
branch  3 never executed
        -:  762:	{
    #####:  763:	  return -1;
        -:  764:	}
        -:  765:
    #####:  766:      if ( (getCost(state->hand[currentPlayer][choice1]) + 3) > getCost(choice2) )
call    0 never executed
call    1 never executed
branch  2 never executed
branch  3 never executed
        -:  767:	{
    #####:  768:	  return -1;
        -:  769:	}
        -:  770:
    #####:  771:      gainCard(choice2, state, 2, currentPlayer);
call    0 never executed
        -:  772:
        -:  773:      //discard card from hand
    #####:  774:      discardCard(handPos, currentPlayer, state, 0);
call    0 never executed
        -:  775:
        -:  776:      //discard trashed card
    #####:  777:      for (i = 0; i < state->handCount[currentPlayer]; i++)
branch  0 never executed
branch  1 never executed
        -:  778:	{
    #####:  779:	  if (state->hand[currentPlayer][i] == j)
branch  0 never executed
branch  1 never executed
        -:  780:	    {
    #####:  781:	      discardCard(i, currentPlayer, state, 0);			
call    0 never executed
    #####:  782:	      break;
        -:  783:	    }
        -:  784:	}
        -:  785:			
    #####:  786:      return 0;
        -:  787:			
        -:  788:    case remodel:
    #####:  789:      j = state->hand[currentPlayer][choice1];  //store card we will trash
        -:  790:
    #####:  791:      if ( (getCost(state->hand[currentPlayer][choice1]) + 2) > getCost(choice2) )
call    0 never executed
call    1 never executed
branch  2 never executed
branch  3 never executed
        -:  792:	{
    #####:  793:	  return -1;
        -:  794:	}
        -:  795:
    #####:  796:      gainCard(choice2, state, 0, currentPlayer);
call    0 never executed
        -:  797:
        -:  798:      //discard card from hand
    #####:  799:      discardCard(handPos, currentPlayer, state, 0);
call    0 never executed
        -:  800:
        -:  801:      //discard trashed card
    #####:  802:      for (i = 0; i < state->handCount[currentPlayer]; i++)
branch  0 never executed
branch  1 never executed
        -:  803:	{
    #####:  804:	  if (state->hand[currentPlayer][i] == j)
branch  0 never executed
branch  1 never executed
        -:  805:	    {
    #####:  806:	      discardCard(i, currentPlayer, state, 0);			
call    0 never executed
    #####:  807:	      break;
        -:  808:	    }
        -:  809:	}
        -:  810:
        -:  811:
    #####:  812:      return 0;
        -:  813:		
        -:  814:    case smithy:
    #####:  815:		return card_smithy(currentPlayer, state, handPos);
call    0 never executed
        -:  816:		
        -:  817:    case village:
    #####:  818:		return card_village(currentPlayer, state, handPos);
call    0 never executed
        -:  819:		
        -:  820:    case baron:
    #####:  821:      state->numBuys++;//Increase buys by 1!
    #####:  822:      if (choice1 > 0){//Boolean true or going to discard an estate
branch  0 never executed
branch  1 never executed
    #####:  823:	int p = 0;//Iterator for hand!
    #####:  824:	int card_not_discarded = 1;//Flag for discard set!
    #####:  825:	while(card_not_discarded){
branch  0 never executed
branch  1 never executed
    #####:  826:	  if (state->hand[currentPlayer][p] == estate){//Found an estate card!
branch  0 never executed
branch  1 never executed
    #####:  827:	    state->coins += 4;//Add 4 coins to the amount of coins
    #####:  828:	    state->discard[currentPlayer][state->discardCount[currentPlayer]] = state->hand[currentPlayer][p];
    #####:  829:	    state->discardCount[currentPlayer]++;
    #####:  830:	    for (;p < state->handCount[currentPlayer]; p++){
branch  0 never executed
branch  1 never executed
    #####:  831:	      state->hand[currentPlayer][p] = state->hand[currentPlayer][p+1];
        -:  832:	    }
    #####:  833:	    state->hand[currentPlayer][state->handCount[currentPlayer]] = -1;
    #####:  834:	    state->handCount[currentPlayer]--;
    #####:  835:	    card_not_discarded = 0;//Exit the loop
        -:  836:	  }
    #####:  837:	  else if (p > state->handCount[currentPlayer]){
branch  0 never executed
branch  1 never executed
        -:  838:	    if(DEBUG) {
        -:  839:	      printf("No estate cards in your hand, invalid choice\n");
        -:  840:	      printf("Must gain an estate if there are any\n");
        -:  841:	    }
    #####:  842:	    if (supplyCount(estate, state) > 0){
call    0 never executed
branch  1 never executed
branch  2 never executed
    #####:  843:	      gainCard(estate, state, 0, currentPlayer);
call    0 never executed
    #####:  844:	      state->supplyCount[estate]--;//Decrement estates
    #####:  845:	      if (supplyCount(estate, state) == 0){
call    0 never executed
branch  1 never executed
branch  2 never executed
    #####:  846:		isGameOver(state);
call    0 never executed
        -:  847:	      }
        -:  848:	    }
    #####:  849:	    card_not_discarded = 0;//Exit the loop
        -:  850:	  }
        -:  851:			    
        -:  852:	  else{
    #####:  853:	    p++;//Next card
        -:  854:	  }
        -:  855:	}
        -:  856:      }
        -:  857:			    
        -:  858:      else{
    #####:  859:	if (supplyCount(estate, state) > 0){
call    0 never executed
branch  1 never executed
branch  2 never executed
    #####:  860:	  gainCard(estate, state, 0, currentPlayer);//Gain an estate
call    0 never executed
    #####:  861:	  state->supplyCount[estate]--;//Decrement Estates
    #####:  862:	  if (supplyCount(estate, state) == 0){
call    0 never executed
branch  1 never executed
branch  2 never executed
    #####:  863:	    isGameOver(state);
call    0 never executed
        -:  864:	  }
        -:  865:	}
        -:  866:      }
        -:  867:	    
        -:  868:      
    #####:  869:      return 0;
        -:  870:		
        -:  871:    case great_hall:
    #####:  872:		return card_great_hall(currentPlayer, state, handPos);
call    0 never executed
        -:  873:
        -:  874:    case minion:
        -:  875:      //+1 action
    #####:  876:      state->numActions++;
        -:  877:			
        -:  878:      //discard card from hand
    #####:  879:      discardCard(handPos, currentPlayer, state, 0);
call    0 never executed
        -:  880:			
    #####:  881:      if (choice1)		//+2 coins
branch  0 never executed
branch  1 never executed
        -:  882:	{
    #####:  883:	  state->coins = state->coins + 2;
        -:  884:	}
        -:  885:			
    #####:  886:      else if (choice2)		//discard hand, redraw 4, other players with 5+ cards discard hand and draw 4
branch  0 never executed
branch  1 never executed
        -:  887:	{
        -:  888:	  //discard hand
    #####:  889:	  while(numHandCards(state) > 0)
call    0 never executed
branch  1 never executed
branch  2 never executed
        -:  890:	    {
    #####:  891:	      discardCard(handPos, currentPlayer, state, 0);
call    0 never executed
        -:  892:	    }
        -:  893:				
        -:  894:	  //draw 4
    #####:  895:	  for (i = 0; i < 4; i++)
branch  0 never executed
branch  1 never executed
        -:  896:	    {
    #####:  897:	      drawCard(currentPlayer, state);
call    0 never executed
        -:  898:	    }
        -:  899:				
        -:  900:	  //other players discard hand and redraw if hand size > 4
    #####:  901:	  for (i = 0; i < state->numPlayers; i++)
branch  0 never executed
branch  1 never executed
        -:  902:	    {
    #####:  903:	      if (i != currentPlayer)
branch  0 never executed
branch  1 never executed
        -:  904:		{
    #####:  905:		  if ( state->handCount[i] > 4 )
branch  0 never executed
branch  1 never executed
        -:  906:		    {
        -:  907:		      //discard hand
    #####:  908:		      while( state->handCount[i] > 0 )
branch  0 never executed
branch  1 never executed
        -:  909:			{
    #####:  910:			  discardCard(handPos, i, state, 0);
call    0 never executed
        -:  911:			}
        -:  912:							
        -:  913:		      //draw 4
    #####:  914:		      for (j = 0; j < 4; j++)
branch  0 never executed
branch  1 never executed
        -:  915:			{
    #####:  916:			  drawCard(i, state);
call    0 never executed
        -:  917:			}
        -:  918:		    }
        -:  919:		}
        -:  920:	    }
        -:  921:				
        -:  922:	}
    #####:  923:      return 0;
        -:  924:		
        -:  925:    case steward:
    #####:  926:		return card_steward(choice1, choice2, choice3, currentPlayer, state, handPos);
call    0 never executed
        -:  927:		
        -:  928:    case tribute:
    #####:  929:      if ((state->discardCount[nextPlayer] + state->deckCount[nextPlayer]) <= 1){
branch  0 never executed
branch  1 never executed
    #####:  930:	if (state->deckCount[nextPlayer] > 0){
branch  0 never executed
branch  1 never executed
    #####:  931:	  tributeRevealedCards[0] = state->deck[nextPlayer][state->deckCount[nextPlayer]-1];
    #####:  932:	  state->deckCount[nextPlayer]--;
        -:  933:	}
    #####:  934:	else if (state->discardCount[nextPlayer] > 0){
branch  0 never executed
branch  1 never executed
    #####:  935:	  tributeRevealedCards[0] = state->discard[nextPlayer][state->discardCount[nextPlayer]-1];
    #####:  936:	  state->discardCount[nextPlayer]--;
        -:  937:	}
        -:  938:	else{
        -:  939:	  //No Card to Reveal
        -:  940:	  if (DEBUG){
        -:  941:	    printf("No cards to reveal\n");
        -:  942:	  }
        -:  943:	}
        -:  944:      }
        -:  945:	    
        -:  946:      else{
    #####:  947:	if (state->deckCount[nextPlayer] == 0){
branch  0 never executed
branch  1 never executed
    #####:  948:	  for (i = 0; i < state->discardCount[nextPlayer]; i++){
branch  0 never executed
branch  1 never executed
    #####:  949:	    state->deck[nextPlayer][i] = state->discard[nextPlayer][i];//Move to deck
    #####:  950:	    state->deckCount[nextPlayer]++;
    #####:  951:	    state->discard[nextPlayer][i] = -1;
    #####:  952:	    state->discardCount[nextPlayer]--;
        -:  953:	  }
        -:  954:			    
    #####:  955:	  shuffle(nextPlayer,state);//Shuffle the deck
call    0 never executed
        -:  956:	} 
    #####:  957:	tributeRevealedCards[0] = state->deck[nextPlayer][state->deckCount[nextPlayer]-1];
    #####:  958:	state->deck[nextPlayer][state->deckCount[nextPlayer]--] = -1;
    #####:  959:	state->deckCount[nextPlayer]--;
    #####:  960:	tributeRevealedCards[1] = state->deck[nextPlayer][state->deckCount[nextPlayer]-1];
    #####:  961:	state->deck[nextPlayer][state->deckCount[nextPlayer]--] = -1;
    #####:  962:	state->deckCount[nextPlayer]--;
        -:  963:      }    
        -:  964:		       
    #####:  965:      if (tributeRevealedCards[0] == tributeRevealedCards[1]){//If we have a duplicate card, just drop one 
branch  0 never executed
branch  1 never executed
    #####:  966:	state->playedCards[state->playedCardCount] = tributeRevealedCards[1];
    #####:  967:	state->playedCardCount++;
    #####:  968:	tributeRevealedCards[1] = -1;
        -:  969:      }
        -:  970:
    #####:  971:      for (i = 0; i <= 2; i ++){
branch  0 never executed
branch  1 never executed
    #####:  972:	if (tributeRevealedCards[i] == copper || tributeRevealedCards[i] == silver || tributeRevealedCards[i] == gold){//Treasure cards
branch  0 never executed
branch  1 never executed
branch  2 never executed
branch  3 never executed
branch  4 never executed
branch  5 never executed
    #####:  973:	  state->coins += 2;
        -:  974:	}
        -:  975:		    
    #####:  976:	else if (tributeRevealedCards[i] == estate || tributeRevealedCards[i] == duchy || tributeRevealedCards[i] == province || tributeRevealedCards[i] == gardens || tributeRevealedCards[i] == great_hall){//Victory Card Found
branch  0 never executed
branch  1 never executed
branch  2 never executed
branch  3 never executed
branch  4 never executed
branch  5 never executed
branch  6 never executed
branch  7 never executed
branch  8 never executed
branch  9 never executed
    #####:  977:	  drawCard(currentPlayer, state);
call    0 never executed
    #####:  978:	  drawCard(currentPlayer, state);
call    0 never executed
        -:  979:	}
        -:  980:	else{//Action Card
    #####:  981:	  state->numActions = state->numActions + 2;
        -:  982:	}
        -:  983:      }
        -:  984:	    
    #####:  985:      return 0;
        -:  986:		
        -:  987:    case ambassador:
    #####:  988:      j = 0;		//used to check if player has enough cards to discard
        -:  989:
    #####:  990:      if (choice2 > 2 || choice2 < 0)
branch  0 never executed
branch  1 never executed
branch  2 never executed
branch  3 never executed
        -:  991:	{
    #####:  992:	  return -1;				
        -:  993:	}
        -:  994:
    #####:  995:      if (choice1 == handPos)
branch  0 never executed
branch  1 never executed
        -:  996:	{
    #####:  997:	  return -1;
        -:  998:	}
        -:  999:
    #####: 1000:      for (i = 0; i < state->handCount[currentPlayer]; i++)
branch  0 never executed
branch  1 never executed
        -: 1001:	{
    #####: 1002:	  if (i != handPos && i == state->hand[currentPlayer][choice1] && i != choice1)
branch  0 never executed
branch  1 never executed
branch  2 never executed
branch  3 never executed
branch  4 never executed
branch  5 never executed
        -: 1003:	    {
    #####: 1004:	      j++;
        -: 1005:	    }
        -: 1006:	}
    #####: 1007:      if (j < choice2)
branch  0 never executed
branch  1 never executed
        -: 1008:	{
    #####: 1009:	  return -1;				
        -: 1010:	}
        -: 1011:
        -: 1012:      if (DEBUG) 
        -: 1013:	printf("Player %d reveals card number: %d\n", currentPlayer, state->hand[currentPlayer][choice1]);
        -: 1014:
        -: 1015:      //increase supply count for choosen card by amount being discarded
    #####: 1016:      state->supplyCount[state->hand[currentPlayer][choice1]] += choice2;
        -: 1017:			
        -: 1018:      //each other player gains a copy of revealed card
    #####: 1019:      for (i = 0; i < state->numPlayers; i++)
branch  0 never executed
branch  1 never executed
        -: 1020:	{
    #####: 1021:	  if (i != currentPlayer)
branch  0 never executed
branch  1 never executed
        -: 1022:	    {
    #####: 1023:	      gainCard(state->hand[currentPlayer][choice1], state, 0, i);
call    0 never executed
        -: 1024:	    }
        -: 1025:	}
        -: 1026:
        -: 1027:      //discard played card from hand
    #####: 1028:      discardCard(handPos, currentPlayer, state, 0);			
call    0 never executed
        -: 1029:
        -: 1030:      //trash copies of cards returned to supply
    #####: 1031:      for (j = 0; j < choice2; j++)
branch  0 never executed
branch  1 never executed
        -: 1032:	{
    #####: 1033:	  for (i = 0; i < state->handCount[currentPlayer]; i++)
branch  0 never executed
branch  1 never executed
        -: 1034:	    {
    #####: 1035:	      if (state->hand[currentPlayer][i] == state->hand[currentPlayer][choice1])
branch  0 never executed
branch  1 never executed
        -: 1036:		{
    #####: 1037:		  discardCard(i, currentPlayer, state, 1);
call    0 never executed
    #####: 1038:		  break;
        -: 1039:		}
        -: 1040:	    }
        -: 1041:	}			
        -: 1042:
    #####: 1043:      return 0;
        -: 1044:		
        -: 1045:    case cutpurse:
        -: 1046:
    #####: 1047:      updateCoins(currentPlayer, state, 2);
call    0 never executed
    #####: 1048:      for (i = 0; i < state->numPlayers; i++)
branch  0 never executed
branch  1 never executed
        -: 1049:	{
    #####: 1050:	  if (i != currentPlayer)
branch  0 never executed
branch  1 never executed
        -: 1051:	    {
    #####: 1052:	      for (j = 0; j < state->handCount[i]; j++)
branch  0 never executed
branch  1 never executed
        -: 1053:		{
    #####: 1054:		  if (state->hand[i][j] == copper)
branch  0 never executed
branch  1 never executed
        -: 1055:		    {
    #####: 1056:		      discardCard(j, i, state, 0);
call    0 never executed
    #####: 1057:		      break;
        -: 1058:		    }
    #####: 1059:		  if (j == state->handCount[i])
branch  0 never executed
branch  1 never executed
        -: 1060:		    {
    #####: 1061:		      for (k = 0; k < state->handCount[i]; k++)
branch  0 never executed
branch  1 never executed
        -: 1062:			{
        -: 1063:			  if (DEBUG)
        -: 1064:			    printf("Player %d reveals card number %d\n", i, state->hand[i][k]);
        -: 1065:			}	
    #####: 1066:		      break;
        -: 1067:		    }		
        -: 1068:		}
        -: 1069:					
        -: 1070:	    }
        -: 1071:				
        -: 1072:	}				
        -: 1073:
        -: 1074:      //discard played card from hand
    #####: 1075:      discardCard(handPos, currentPlayer, state, 0);			
call    0 never executed
        -: 1076:
    #####: 1077:      return 0;
        -: 1078:
        -: 1079:		
        -: 1080:    case embargo: 
        -: 1081:      //+2 Coins
    #####: 1082:      state->coins = state->coins + 2;
        -: 1083:			
        -: 1084:      //see if selected pile is in play
    #####: 1085:      if ( state->supplyCount[choice1] == -1 )
branch  0 never executed
branch  1 never executed
        -: 1086:	{
    #####: 1087:	  return -1;
        -: 1088:	}
        -: 1089:			
        -: 1090:      //add embargo token to selected supply pile
    #####: 1091:      state->embargoTokens[choice1]++;
        -: 1092:			
        -: 1093:      //trash card
    #####: 1094:      discardCard(handPos, currentPlayer, state, 1);		
call    0 never executed
    #####: 1095:      return 0;
        -: 1096:		
        -: 1097:    case outpost:
        -: 1098:      //set outpost flag
    #####: 1099:      state->outpostPlayed++;
        -: 1100:			
        -: 1101:      //discard card
    #####: 1102:      discardCard(handPos, currentPlayer, state, 0);
call    0 never executed
    #####: 1103:      return 0;
        -: 1104:		
        -: 1105:    case salvager:
        -: 1106:      //+1 buy
    #####: 1107:      state->numBuys++;
        -: 1108:			
    #####: 1109:      if (choice1)
branch  0 never executed
branch  1 never executed
        -: 1110:	{
        -: 1111:	  //gain coins equal to trashed card
    #####: 1112:	  state->coins = state->coins + getCost( handCard(choice1, state) );
call    0 never executed
call    1 never executed
        -: 1113:	  //trash card
    #####: 1114:	  discardCard(choice1, currentPlayer, state, 1);	
call    0 never executed
        -: 1115:	}
        -: 1116:			
        -: 1117:      //discard card
    #####: 1118:      discardCard(handPos, currentPlayer, state, 0);
call    0 never executed
    #####: 1119:      return 0;
        -: 1120:		
        -: 1121:    case sea_hag:
    #####: 1122:      for (i = 0; i < state->numPlayers; i++){
branch  0 never executed
branch  1 never executed
    #####: 1123:	if (i != currentPlayer){
branch  0 never executed
branch  1 never executed
    #####: 1124:	  state->discard[i][state->discardCount[i]] = state->deck[i][state->deckCount[i]--];			    state->deckCount[i]--;
    #####: 1125:	  state->discardCount[i]++;
    #####: 1126:	  state->deck[i][state->deckCount[i]--] = curse;//Top card now a curse
        -: 1127:	}
        -: 1128:      }
    #####: 1129:      return 0;
        -: 1130:		
        -: 1131:    case treasure_map:
        -: 1132:      //search hand for another treasure_map
    #####: 1133:      index = -1;
    #####: 1134:      for (i = 0; i < state->handCount[currentPlayer]; i++)
branch  0 never executed
branch  1 never executed
        -: 1135:	{
    #####: 1136:	  if (state->hand[currentPlayer][i] == treasure_map && i != handPos)
branch  0 never executed
branch  1 never executed
branch  2 never executed
branch  3 never executed
        -: 1137:	    {
    #####: 1138:	      index = i;
    #####: 1139:	      break;
        -: 1140:	    }
        -: 1141:	}
    #####: 1142:      if (index > -1)
branch  0 never executed
branch  1 never executed
        -: 1143:	{
        -: 1144:	  //trash both treasure cards
    #####: 1145:	  discardCard(handPos, currentPlayer, state, 1);
call    0 never executed
    #####: 1146:	  discardCard(index, currentPlayer, state, 1);
call    0 never executed
        -: 1147:
        -: 1148:	  //gain 4 Gold cards
    #####: 1149:	  for (i = 0; i < 4; i++)
branch  0 never executed
branch  1 never executed
        -: 1150:	    {
    #####: 1151:	      gainCard(gold, state, 1, currentPlayer);
call    0 never executed
        -: 1152:	    }
        -: 1153:				
        -: 1154:	  //return success
    #####: 1155:	  return 1;
        -: 1156:	}
        -: 1157:			
        -: 1158:      //no second treasure_map found in hand
    #####: 1159:      return -1;
        -: 1160:    }
        -: 1161:	
    #####: 1162:  return -1;
        -: 1163:}
        -: 1164:
function discardCard called 1800 returned 100% blocks executed 89%
     1800: 1165:int discardCard(int handPos, int currentPlayer, struct gameState *state, int trashFlag)
        -: 1166:{
        -: 1167:	
        -: 1168:  //if card is not trashed, added to Played pile 
     1800: 1169:  if (trashFlag < 1)
branch  0 taken 100% (fallthrough)
branch  1 taken 0%
        -: 1170:    {
        -: 1171:      //add card to played pile
     1800: 1172:      state->playedCards[state->playedCardCount] = state->hand[currentPlayer][handPos]; 
     1800: 1173:      state->playedCardCount++;
        -: 1174:    }
        -: 1175:	
        -: 1176:  //set played card to -1
     1800: 1177:  state->hand[currentPlayer][handPos] = -1;
        -: 1178:	
        -: 1179:  //remove card from player's hand
     1800: 1180:  if ( handPos == (state->handCount[currentPlayer] - 1) ) 	//last card in hand array is played
branch  0 taken 16% (fallthrough)
branch  1 taken 84%
        -: 1181:    {
        -: 1182:      //reduce number of cards in hand
      286: 1183:      state->handCount[currentPlayer]--;
        -: 1184:    }
     1514: 1185:  else if ( state->handCount[currentPlayer] == 1 ) //only one card in hand
branch  0 taken 0% (fallthrough)
branch  1 taken 100%
        -: 1186:    {
        -: 1187:      //reduce number of cards in hand
    #####: 1188:      state->handCount[currentPlayer]--;
        -: 1189:    }
        -: 1190:  else 	
        -: 1191:    {
        -: 1192:      //replace discarded card with last card in hand
     1514: 1193:      state->hand[currentPlayer][handPos] = state->hand[currentPlayer][ (state->handCount[currentPlayer] - 1)];
        -: 1194:      //set last card to -1
     1514: 1195:      state->hand[currentPlayer][state->handCount[currentPlayer] - 1] = -1;
        -: 1196:      //reduce number of cards in hand
     1514: 1197:      state->handCount[currentPlayer]--;
        -: 1198:    }
        -: 1199:	
     1800: 1200:  return 0;
        -: 1201:}
        -: 1202:
function gainCard called 45692 returned 100% blocks executed 100%
    45692: 1203:int gainCard(int supplyPos, struct gameState *state, int toFlag, int player)
        -: 1204:{
        -: 1205:  //Note: supplyPos is enum of choosen card
        -: 1206:	
        -: 1207:  //check if supply pile is empty (0) or card is not used in game (-1)
    45692: 1208:  if ( supplyCount(supplyPos, state) < 1 )
call    0 returned 100%
branch  1 taken 1% (fallthrough)
branch  2 taken 99%
        -: 1209:    {
        8: 1210:      return -1;
        -: 1211:    }
        -: 1212:	
        -: 1213:  //added card for [whoseTurn] current player:
        -: 1214:  // toFlag = 0 : add to discard
        -: 1215:  // toFlag = 1 : add to deck
        -: 1216:  // toFlag = 2 : add to hand
        -: 1217:
    45684: 1218:  if (toFlag == 1)
branch  0 taken 41% (fallthrough)
branch  1 taken 59%
        -: 1219:    {
    18956: 1220:      state->deck[ player ][ state->deckCount[player] ] = supplyPos;
    18956: 1221:      state->deckCount[player]++;
        -: 1222:    }
    26728: 1223:  else if (toFlag == 2)
branch  0 taken 21% (fallthrough)
branch  1 taken 79%
        -: 1224:    {
     5609: 1225:      state->hand[ player ][ state->handCount[player] ] = supplyPos;
     5609: 1226:      state->handCount[player]++;
        -: 1227:    }
        -: 1228:  else
        -: 1229:    {
    21119: 1230:      state->discard[player][ state->discardCount[player] ] = supplyPos;
    21119: 1231:      state->discardCount[player]++;
        -: 1232:    }
        -: 1233:	
        -: 1234:  //decrease number in supply pile
    45684: 1235:  state->supplyCount[supplyPos]--;
        -: 1236:	 
    45684: 1237:  return 0;
        -: 1238:}
        -: 1239:
function updateCoins called 1900 returned 100% blocks executed 82%
     1900: 1240:int updateCoins(int player, struct gameState *state, int bonus)
        -: 1241:{
        -: 1242:  int i;
        -: 1243:	
        -: 1244:  //reset coin count
     1900: 1245:  state->coins = 0;
        -: 1246:
        -: 1247:  //add coins for each Treasure card in player's hand
    11400: 1248:  for (i = 0; i < state->handCount[player]; i++)
branch  0 taken 83%
branch  1 taken 17% (fallthrough)
        -: 1249:    {
     9500: 1250:      if (state->hand[player][i] == copper)
branch  0 taken 72% (fallthrough)
branch  1 taken 28%
        -: 1251:	{
     6833: 1252:	  state->coins += 1;
        -: 1253:	}
     2667: 1254:      else if (state->hand[player][i] == silver)
branch  0 taken 0% (fallthrough)
branch  1 taken 100%
        -: 1255:	{
    #####: 1256:	  state->coins += 2;
        -: 1257:	}
     2667: 1258:      else if (state->hand[player][i] == gold)
branch  0 taken 0% (fallthrough)
branch  1 taken 100%
        -: 1259:	{
    #####: 1260:	  state->coins += 3;
        -: 1261:	}	
        -: 1262:    }	
        -: 1263:
        -: 1264:  //add bonus
     1900: 1265:  state->coins += bonus;
        -: 1266:
     1900: 1267:  return 0;
        -: 1268:}
        -: 1269:
        -: 1270:// Card functions
function card_adventurer called 100 returned 100% blocks executed 93%
      100: 1271:int card_adventurer(struct gameState *state, int currentPlayer) {
      100: 1272:	int drawntreasure = 0;
        -: 1273:	int cardDrawn;
        -: 1274:	int temphand[MAX_HAND];
        -: 1275:	int z;
        -: 1276:
      990: 1277:	while (drawntreasure < 2) {
branch  0 taken 89%
branch  1 taken 11% (fallthrough)
      790: 1278:		if (state->deckCount[currentPlayer] < 1) { // if the deck is empty we need to shuffle discard and add to deck
branch  0 taken 0% (fallthrough)
branch  1 taken 100%
    #####: 1279:			shuffle(currentPlayer, state);
call    0 never executed
        -: 1280:		}
      790: 1281:		drawCard(currentPlayer, state);
call    0 returned 100%
      790: 1282:		cardDrawn = state->hand[currentPlayer][state->handCount[currentPlayer]-1]; // top card of hand is most recently drawn card.
      790: 1283:		if (cardDrawn == copper || cardDrawn == silver || cardDrawn == gold)
branch  0 taken 84% (fallthrough)
branch  1 taken 16%
branch  2 taken 95% (fallthrough)
branch  3 taken 5%
branch  4 taken 7% (fallthrough)
branch  5 taken 93%
      200: 1284:			(drawntreasure)++;
        -: 1285:		else {
      590: 1286:			temphand[z] = cardDrawn;
      590: 1287:			state->handCount[currentPlayer]--; // this should just remove the top card (the most recently drawn one).
      590: 1288:			z++;
        -: 1289:		}
        -: 1290:	}
      790: 1291:	while (z-1 >= 0) {
branch  0 taken 86%
branch  1 taken 14% (fallthrough)
      590: 1292:		state->discard[currentPlayer][state->discardCount[currentPlayer]++] = temphand[z-1]; // discard all cards in play that have been drawn
      590: 1293:		z = z-1;
        -: 1294:	}
      100: 1295:	return 0;
        -: 1296:}
        -: 1297:
function card_smithy called 900 returned 100% blocks executed 100%
      900: 1298:int card_smithy(int currentPlayer, struct gameState *state, int handPos) {
        -: 1299:	// +3 Cards
        -: 1300:	int i;
     3600: 1301:	for (i=0; i<3; i++) {
branch  0 taken 75%
branch  1 taken 25% (fallthrough)
     2700: 1302:		drawCard(currentPlayer, state);
call    0 returned 100%
        -: 1303:	}
        -: 1304:
        -: 1305:	// discard card from hand
      900: 1306:	discardCard(handPos, currentPlayer, state, 0);
call    0 returned 100%
      900: 1307:	return 0;
        -: 1308:}
        -: 1309:
function card_village called 900 returned 100% blocks executed 100%
      900: 1310:int card_village(int currentPlayer, struct gameState *state, int handPos) {
        -: 1311:	// +1 Card
      900: 1312:	drawCard(currentPlayer, state);
call    0 returned 100%
        -: 1313:
        -: 1314:	// +2 Actions
      900: 1315:	state->numActions = state->numActions + 2;
        -: 1316:
        -: 1317:	// discard played card from hand
      900: 1318:	discardCard(handPos, currentPlayer, state, 0);
call    0 returned 100%
      900: 1319:	return 0;
        -: 1320:}
        -: 1321:
function card_great_hall called 0 returned 0% blocks executed 0%
    #####: 1322:int card_great_hall(int currentPlayer, struct gameState *state, int handPos) {
        -: 1323:	// +1 Card
    #####: 1324:	drawCard(currentPlayer, state);
call    0 never executed
        -: 1325:
        -: 1326:	// +1 Actions
    #####: 1327:	state->numActions++;
        -: 1328:
        -: 1329:	// discard card from hand
    #####: 1330:	discardCard(handPos, currentPlayer, state, 0);
call    0 never executed
    #####: 1331:	return 0;
        -: 1332:}
        -: 1333:
function card_steward called 0 returned 0% blocks executed 0%
    #####: 1334:int card_steward(int choice1, int choice2, int choice3, int currentPlayer, struct gameState *state, int handPos) {
    #####: 1335:	if (choice1 == 1) {
branch  0 never executed
branch  1 never executed
        -: 1336:		// +2 cards
    #####: 1337:		drawCard(currentPlayer, state);
call    0 never executed
    #####: 1338:		drawCard(currentPlayer, state);
call    0 never executed
        -: 1339:	}
    #####: 1340:	else if (choice1 == 2) {
branch  0 never executed
branch  1 never executed
        -: 1341:		// +2 coins
    #####: 1342:		state->coins = state->coins + 2;
        -: 1343:	}
        -: 1344:	else {
        -: 1345:		// trash 2 cards in hand
    #####: 1346:		discardCard(choice2, currentPlayer, state, 1);
call    0 never executed
    #####: 1347:		discardCard(choice3, currentPlayer, state, 1);
call    0 never executed
        -: 1348:	}
        -: 1349:	
        -: 1350:	// discard card from hand
    #####: 1351:	discardCard(handPos, currentPlayer, state, 0);
call    0 never executed
    #####: 1352:	return 0;
        -: 1353:}
        -: 1354:
        -: 1355://end of dominion.c
        -: 1356:
